2025/09/15 12:43:10 metadata-fill-fs starting; workers=8 scan_new=false recursive=true min_mb=1
2025/09/15 12:43:10 roots=[/mnt/patents/originals]
2025/09/15 12:43:10 Loaded 2976 processed archives
2025/09/15 12:43:10 Found 1 unprocessed archives under /tmp/reprocess_single3
2025/09/15 12:43:11 Starting extraction. Current patents: 8138428
2025/09/15 12:43:11 Worker 1 processing: I20230323.tar
2025/09/15 12:43:41 ========== STATISTICS ==========
2025/09/15 12:43:41 Archives processed: 0
2025/09/15 12:43:41 Patents extracted: 0
2025/09/15 12:43:41 Patents inserted: 0
2025/09/15 12:43:41 Errors: 0
2025/09/15 12:43:41 Time elapsed: 0.01 hours
2025/09/15 12:43:41 Rate: 0 patents/hour
2025/09/15 12:43:41 ================================
2025/09/15 12:43:42 Current total patents in database: 8138428
2025/09/15 12:44:11 ========== STATISTICS ==========
2025/09/15 12:44:11 Archives processed: 0
2025/09/15 12:44:11 Patents extracted: 0
2025/09/15 12:44:11 Patents inserted: 0
2025/09/15 12:44:11 Errors: 0
2025/09/15 12:44:11 Time elapsed: 0.02 hours
2025/09/15 12:44:11 Rate: 0 patents/hour
2025/09/15 12:44:11 ================================
2025/09/15 12:44:12 Current total patents in database: 8138428
2025/09/15 12:44:41 ========== STATISTICS ==========
2025/09/15 12:44:41 Archives processed: 0
2025/09/15 12:44:41 Patents extracted: 0
2025/09/15 12:44:41 Patents inserted: 0
2025/09/15 12:44:41 Errors: 0
2025/09/15 12:44:41 Time elapsed: 0.03 hours
2025/09/15 12:44:41 Rate: 0 patents/hour
2025/09/15 12:44:41 ================================
2025/09/15 12:44:42 Current total patents in database: 8138428
2025/09/15 12:45:11 ========== STATISTICS ==========
2025/09/15 12:45:11 Archives processed: 0
2025/09/15 12:45:11 Patents extracted: 0
2025/09/15 12:45:11 Patents inserted: 0
2025/09/15 12:45:11 Errors: 0
2025/09/15 12:45:11 Time elapsed: 0.03 hours
2025/09/15 12:45:11 Rate: 0 patents/hour
2025/09/15 12:45:11 ================================
2025/09/15 12:45:12 Current total patents in database: 8138428
2025/09/15 12:45:41 ========== STATISTICS ==========
2025/09/15 12:45:41 Archives processed: 0
2025/09/15 12:45:41 Patents extracted: 0
2025/09/15 12:45:41 Patents inserted: 0
2025/09/15 12:45:41 Errors: 0
2025/09/15 12:45:41 Time elapsed: 0.04 hours
2025/09/15 12:45:41 Rate: 0 patents/hour
2025/09/15 12:45:41 ================================
2025/09/15 12:45:42 Current total patents in database: 8138428
2025/09/15 12:46:11 ========== STATISTICS ==========
2025/09/15 12:46:11 Archives processed: 0
2025/09/15 12:46:11 Patents extracted: 0
2025/09/15 12:46:11 Patents inserted: 0
2025/09/15 12:46:11 Errors: 0
2025/09/15 12:46:11 Time elapsed: 0.05 hours
2025/09/15 12:46:11 Rate: 0 patents/hour
2025/09/15 12:46:11 ================================
2025/09/15 12:46:12 Current total patents in database: 8138428
2025/09/15 12:46:33 Extracted 8470 patents from 8470 XML files in I20230323.tar
2025/09/15 12:46:41 ========== STATISTICS ==========
2025/09/15 12:46:41 Archives processed: 1
2025/09/15 12:46:41 Patents extracted: 8470
2025/09/15 12:46:41 Patents inserted: 0
2025/09/15 12:46:41 Errors: 0
2025/09/15 12:46:41 Time elapsed: 0.06 hours
2025/09/15 12:46:41 Rate: 144290 patents/hour
2025/09/15 12:46:41 ================================
2025/09/15 12:46:42 Current total patents in database: 8138428
2025/09/15 12:47:04 Successfully inserted 8470 out of 8470 patents
2025/09/15 12:47:05 
Extraction Complete!
2025/09/15 12:47:05 Initial patents: 8138428
2025/09/15 12:47:05 Final patents: 8138428
2025/09/15 12:47:05 Patents added: 0
2025/09/15 12:47:05 ========== STATISTICS ==========
2025/09/15 12:47:05 Archives processed: 1
2025/09/15 12:47:05 Patents extracted: 8470
2025/09/15 12:47:05 Patents inserted: 8470
2025/09/15 12:47:05 Errors: 0
2025/09/15 12:47:05 Time elapsed: 0.07 hours
2025/09/15 12:47:05 Rate: 129937 patents/hour
2025/09/15 12:47:05 ================================
