2025/09/15 11:00:28 metadata-fill-fs starting; workers=8 scan_new=false recursive=true min_mb=1
2025/09/15 11:00:28 roots=[/mnt/patents/originals]
2025/09/15 11:00:29 Loaded 2946 processed archives
2025/09/15 11:22:08 Found 2220 unprocessed archives under /mnt/patents/originals
2025/09/15 11:22:10 Starting extraction. Current patents: 8100601
2025/09/15 11:22:10 Worker 7 processing: 20010503.ZIP
2025/09/15 11:22:10 Worker 3 processing: 20010405.ZIP
2025/09/15 11:22:10 Worker 5 processing: 20010419.ZIP
2025/09/15 11:22:10 Worker 4 processing: 20010412.ZIP
2025/09/15 11:22:10 Worker 0 processing: 20010315.ZIP
2025/09/15 11:22:10 Worker 6 processing: 20010426.ZIP
2025/09/15 11:22:10 Worker 1 processing: 20010322.ZIP
2025/09/15 11:22:10 Worker 2 processing: 20010329.ZIP
2025/09/15 11:22:11 Processed 10 nested ZIPs with 10 XML files in 20010322.ZIP
2025/09/15 11:22:11 Worker 1 processing: 20010510.ZIP
2025/09/15 11:22:11 Successfully inserted 10 out of 10 patents
2025/09/15 11:22:11 Processed 24 nested ZIPs with 24 XML files in 20010329.ZIP
2025/09/15 11:22:11 Worker 2 processing: 20010517.ZIP
2025/09/15 11:22:11 Successfully inserted 24 out of 24 patents
2025/09/15 11:22:11 Processed 47 nested ZIPs with 47 XML files in 20010315.ZIP
2025/09/15 11:22:11 Worker 0 processing: 20010524.ZIP
2025/09/15 11:22:11 Processed 72 nested ZIPs with 72 XML files in 20010412.ZIP
2025/09/15 11:22:11 Worker 4 processing: 20010531.ZIP
2025/09/15 11:22:11 Successfully inserted 47 out of 47 patents
2025/09/15 11:22:11 Successfully inserted 72 out of 72 patents
2025/09/15 11:22:12 Processed 94 nested ZIPs with 94 XML files in 20010419.ZIP
2025/09/15 11:22:12 Worker 5 processing: 20010607.ZIP
2025/09/15 11:22:12 Successfully inserted 94 out of 94 patents
2025/09/15 11:22:12 Processed 110 nested ZIPs with 110 XML files in 20010405.ZIP
2025/09/15 11:22:12 Worker 3 processing: 20010614.ZIP
2025/09/15 11:22:13 Successfully inserted 110 out of 110 patents
2025/09/15 11:22:13 Processed 183 nested ZIPs with 183 XML files in 20010426.ZIP
2025/09/15 11:22:13 Worker 6 processing: 20010621.ZIP
2025/09/15 11:22:13 Processed 168 nested ZIPs with 168 XML files in 20010517.ZIP
2025/09/15 11:22:13 Worker 2 processing: 20010628.ZIP
2025/09/15 11:22:13 Successfully inserted 183 out of 183 patents
2025/09/15 11:22:14 Successfully inserted 168 out of 168 patents
2025/09/15 11:22:15 Processed 283 nested ZIPs with 283 XML files in 20010503.ZIP
2025/09/15 11:22:15 Worker 7 processing: 20010705.ZIP
2025/09/15 11:22:15 Successfully inserted 283 out of 283 patents
2025/09/15 11:22:16 Processed 333 nested ZIPs with 333 XML files in 20010510.ZIP
2025/09/15 11:22:16 Worker 1 processing: 20010712.ZIP
2025/09/15 11:22:16 Successfully inserted 333 out of 333 patents
2025/09/15 11:22:18 Processed 553 nested ZIPs with 553 XML files in 20010524.ZIP
2025/09/15 11:22:18 Worker 0 processing: 20010719.ZIP
2025/09/15 11:22:19 Successfully inserted 553 out of 553 patents
2025/09/15 11:22:19 Processed 607 nested ZIPs with 607 XML files in 20010531.ZIP
2025/09/15 11:22:19 Worker 4 processing: 20010726.ZIP
2025/09/15 11:22:20 Successfully inserted 607 out of 607 patents
2025/09/15 11:22:20 Processed 634 nested ZIPs with 634 XML files in 20010614.ZIP
2025/09/15 11:22:20 Worker 3 processing: 20010802.ZIP
2025/09/15 11:22:21 Processed 721 nested ZIPs with 721 XML files in 20010607.ZIP
2025/09/15 11:22:21 Worker 5 processing: 20010809.ZIP
2025/09/15 11:22:22 Successfully inserted 634 out of 634 patents
2025/09/15 11:22:23 Successfully inserted 721 out of 721 patents
2025/09/15 11:22:24 Processed 918 nested ZIPs with 918 XML files in 20010621.ZIP
2025/09/15 11:22:24 Worker 6 processing: 20010816.ZIP
2025/09/15 11:22:26 Successfully inserted 918 out of 918 patents
2025/09/15 11:22:27 Processed 869 nested ZIPs with 869 XML files in 20010712.ZIP
2025/09/15 11:22:27 Worker 1 processing: 20010823.ZIP
2025/09/15 11:22:27 Processed 1141 nested ZIPs with 1141 XML files in 20010628.ZIP
2025/09/15 11:22:27 Worker 2 processing: 20010830.ZIP
2025/09/15 11:22:28 Successfully inserted 869 out of 869 patents
2025/09/15 11:22:30 Processed 1014 nested ZIPs with 1014 XML files in 20010719.ZIP
2025/09/15 11:22:30 Worker 0 processing: 20010906.ZIP
2025/09/15 11:22:31 Successfully inserted 1141 out of 1141 patents
2025/09/15 11:22:31 Processed 1246 nested ZIPs with 1246 XML files in 20010705.ZIP
2025/09/15 11:22:31 Worker 7 processing: 20010913.ZIP
2025/09/15 11:22:33 Successfully inserted 1014 out of 1014 patents
2025/09/15 11:22:33 Processed 1057 nested ZIPs with 1057 XML files in 20010726.ZIP
2025/09/15 11:22:33 Worker 4 processing: 20010920.ZIP
2025/09/15 11:22:36 Successfully inserted 1246 out of 1246 patents
2025/09/15 11:22:38 Successfully inserted 1057 out of 1057 patents
2025/09/15 11:22:40 Processed 1289 nested ZIPs with 1289 XML files in 20010802.ZIP
2025/09/15 11:22:40 Worker 3 processing: 20010927.ZIP
2025/09/15 11:22:40 ========== STATISTICS ==========
2025/09/15 11:22:40 Archives processed: 21
2025/09/15 11:22:40 Patents extracted: 11373
2025/09/15 11:22:40 Patents inserted: 10084
2025/09/15 11:22:40 Errors: 0
2025/09/15 11:22:40 Time elapsed: 0.37 hours
2025/09/15 11:22:40 Rate: 30746 patents/hour
2025/09/15 11:22:40 ================================
2025/09/15 11:22:43 Successfully inserted 1289 out of 1289 patents
2025/09/15 11:22:44 Processed 1750 nested ZIPs with 1750 XML files in 20010809.ZIP
2025/09/15 11:22:44 Worker 5 processing: 20011004.ZIP
2025/09/15 11:22:46 Current total patents in database: 8100601
2025/09/15 11:22:48 Successfully inserted 1750 out of 1750 patents
2025/09/15 11:22:50 Processed 1840 nested ZIPs with 1840 XML files in 20010816.ZIP
2025/09/15 11:22:50 Worker 6 processing: 20011011.ZIP
2025/09/15 11:22:53 Processed 1526 nested ZIPs with 1526 XML files in 20010906.ZIP
2025/09/15 11:22:53 Worker 0 processing: 20011018.ZIP
2025/09/15 11:22:53 Processed 1817 nested ZIPs with 1817 XML files in 20010830.ZIP
2025/09/15 11:22:53 Worker 2 processing: 20011025.ZIP
2025/09/15 11:22:54 Successfully inserted 1840 out of 1840 patents
2025/09/15 11:22:54 Processed 1497 nested ZIPs with 1497 XML files in 20010920.ZIP
2025/09/15 11:22:54 Worker 4 processing: 20011101.ZIP
2025/09/15 11:22:54 Processed 1979 nested ZIPs with 1979 XML files in 20010823.ZIP
2025/09/15 11:22:54 Worker 1 processing: 20011108.ZIP
2025/09/15 11:22:56 Processed 1695 nested ZIPs with 1695 XML files in 20010913.ZIP
2025/09/15 11:22:56 Worker 7 processing: 20011115.ZIP
2025/09/15 11:22:57 Successfully inserted 1526 out of 1526 patents
2025/09/15 11:23:02 Successfully inserted 1817 out of 1817 patents
2025/09/15 11:23:05 Successfully inserted 1497 out of 1497 patents
2025/09/15 11:23:08 Processed 1880 nested ZIPs with 1880 XML files in 20010927.ZIP
2025/09/15 11:23:08 Worker 3 processing: 20011122.ZIP
2025/09/15 11:23:10 Successfully inserted 1979 out of 1979 patents
2025/09/15 11:23:10 ========== STATISTICS ==========
2025/09/15 11:23:10 Archives processed: 29
2025/09/15 11:23:10 Patents extracted: 25357
2025/09/15 11:23:10 Patents inserted: 21782
2025/09/15 11:23:10 Errors: 0
2025/09/15 11:23:10 Time elapsed: 0.38 hours
2025/09/15 11:23:10 Rate: 67041 patents/hour
2025/09/15 11:23:10 ================================
2025/09/15 11:23:12 Current total patents in database: 8100601
2025/09/15 11:23:13 Processed 2189 nested ZIPs with 2189 XML files in 20011004.ZIP
2025/09/15 11:23:13 Worker 5 processing: 20011129.ZIP
2025/09/15 11:23:14 Successfully inserted 1695 out of 1695 patents
2025/09/15 11:23:18 Successfully inserted 1880 out of 1880 patents
2025/09/15 11:23:22 Processed 2050 nested ZIPs with 2050 XML files in 20011011.ZIP
2025/09/15 11:23:22 Worker 6 processing: 20011206.ZIP
2025/09/15 11:23:23 Successfully inserted 2189 out of 2189 patents
2025/09/15 11:23:28 Successfully inserted 2050 out of 2050 patents
2025/09/15 11:23:29 Processed 2140 nested ZIPs with 2140 XML files in 20011108.ZIP
2025/09/15 11:23:29 Worker 1 processing: 20011213-SUPP.ZIP
2025/09/15 11:23:29 Processed 1 nested ZIPs with 0 XML files in 20011213-SUPP.ZIP
2025/09/15 11:23:29 Worker 1 processing: 20011213.ZIP
2025/09/15 11:23:30 Processed 2626 nested ZIPs with 2626 XML files in 20011101.ZIP
2025/09/15 11:23:30 Worker 4 processing: 20011220.ZIP
2025/09/15 11:23:30 Processed 2539 nested ZIPs with 2539 XML files in 20011025.ZIP
2025/09/15 11:23:30 Worker 2 processing: 20011227-SUPP.ZIP
2025/09/15 11:23:30 Processed 1 nested ZIPs with 0 XML files in 20011227-SUPP.ZIP
2025/09/15 11:23:30 Worker 2 processing: 20011227.ZIP
2025/09/15 11:23:33 Processed 2461 nested ZIPs with 2461 XML files in 20011115.ZIP
2025/09/15 11:23:33 Worker 7 processing: 20020103.ZIP
2025/09/15 11:23:33 Processed 2722 nested ZIPs with 2722 XML files in 20011018.ZIP
2025/09/15 11:23:33 Worker 0 processing: 20020110.ZIP
2025/09/15 11:23:33 Successfully inserted 2140 out of 2140 patents
2025/09/15 11:23:39 Successfully inserted 2626 out of 2626 patents
2025/09/15 11:23:40 ========== STATISTICS ==========
2025/09/15 11:23:40 Archives processed: 38
2025/09/15 11:23:40 Patents extracted: 42084
2025/09/15 11:23:40 Patents inserted: 34362
2025/09/15 11:23:40 Errors: 0
2025/09/15 11:23:40 Time elapsed: 0.39 hours
2025/09/15 11:23:40 Rate: 108866 patents/hour
2025/09/15 11:23:40 ================================
2025/09/15 11:23:42 Current total patents in database: 8100601
2025/09/15 11:23:46 Successfully inserted 2539 out of 2539 patents
2025/09/15 11:23:49 Processed 2682 nested ZIPs with 2682 XML files in 20011122.ZIP
2025/09/15 11:23:49 Worker 3 processing: 20020117.ZIP
2025/09/15 11:23:49 Processed 2584 nested ZIPs with 2584 XML files in 20011129.ZIP
2025/09/15 11:23:49 Worker 5 processing: 20020124.ZIP
2025/09/15 11:23:52 Successfully inserted 2461 out of 2461 patents
2025/09/15 11:23:54 Processed 2307 nested ZIPs with 2307 XML files in 20011206.ZIP
2025/09/15 11:23:54 Worker 6 processing: 20020131.ZIP
2025/09/15 11:23:59 Successfully inserted 2722 out of 2722 patents
2025/09/15 11:24:00 Processed 2047 nested ZIPs with 2047 XML files in 20011220.ZIP
2025/09/15 11:24:00 Worker 4 processing: 20020207.ZIP
2025/09/15 11:24:05 Processed 2303 nested ZIPs with 2303 XML files in 20011213.ZIP
2025/09/15 11:24:05 Worker 1 processing: 20020214.ZIP
2025/09/15 11:24:06 Processed 2207 nested ZIPs with 2207 XML files in 20020110.ZIP
2025/09/15 11:24:06 Worker 0 processing: 20020221-SUPP.ZIP
2025/09/15 11:24:06 Processed 5 nested ZIPs with 0 XML files in 20020221-SUPP.ZIP
2025/09/15 11:24:06 Worker 0 processing: 20020221.ZIP
2025/09/15 11:24:06 Successfully inserted 2682 out of 2682 patents
2025/09/15 11:24:07 Processed 2396 nested ZIPs with 2396 XML files in 20011227.ZIP
2025/09/15 11:24:07 Worker 2 processing: 20020228.ZIP
2025/09/15 11:24:10 ========== STATISTICS ==========
2025/09/15 11:24:10 Archives processed: 46
2025/09/15 11:24:10 Patents extracted: 58610
2025/09/15 11:24:10 Patents inserted: 44766
2025/09/15 11:24:10 Errors: 0
2025/09/15 11:24:10 Time elapsed: 0.39 hours
2025/09/15 11:24:10 Rate: 148417 patents/hour
2025/09/15 11:24:10 ================================
2025/09/15 11:24:12 Current total patents in database: 8100601
2025/09/15 11:24:12 Successfully inserted 2584 out of 2584 patents
2025/09/15 11:24:16 Processed 2728 nested ZIPs with 2728 XML files in 20020103.ZIP
2025/09/15 11:24:16 Worker 7 processing: 20020307.ZIP
2025/09/15 11:24:17 Successfully inserted 2307 out of 2307 patents
2025/09/15 11:24:21 Successfully inserted 2047 out of 2047 patents
2025/09/15 11:24:27 Successfully inserted 2303 out of 2303 patents
2025/09/15 11:24:31 Processed 2541 nested ZIPs with 2541 XML files in 20020117.ZIP
2025/09/15 11:24:31 Worker 3 processing: 20020314.ZIP
2025/09/15 11:24:32 Successfully inserted 2207 out of 2207 patents
2025/09/15 11:24:37 Successfully inserted 2396 out of 2396 patents
2025/09/15 11:24:40 ========== STATISTICS ==========
2025/09/15 11:24:40 Archives processed: 48
2025/09/15 11:24:40 Patents extracted: 63879
2025/09/15 11:24:40 Patents inserted: 58610
2025/09/15 11:24:40 Errors: 0
2025/09/15 11:24:40 Time elapsed: 0.40 hours
2025/09/15 11:24:40 Rate: 158417 patents/hour
2025/09/15 11:24:40 ================================
2025/09/15 11:24:42 Current total patents in database: 8100601
2025/09/15 11:24:44 Successfully inserted 2728 out of 2728 patents
2025/09/15 11:24:46 Processed 2999 nested ZIPs with 2999 XML files in 20020131.ZIP
2025/09/15 11:24:46 Worker 6 processing: 20020321.ZIP
2025/09/15 11:24:47 Processed 3437 nested ZIPs with 3437 XML files in 20020124.ZIP
2025/09/15 11:24:47 Worker 5 processing: 20020328.ZIP
2025/09/15 11:24:51 Successfully inserted 2541 out of 2541 patents
2025/09/15 11:24:52 Processed 3018 nested ZIPs with 3018 XML files in 20020207.ZIP
2025/09/15 11:24:52 Worker 4 processing: 20020404-SUPP.ZIP
2025/09/15 11:24:52 Processed 5 nested ZIPs with 0 XML files in 20020404-SUPP.ZIP
2025/09/15 11:24:52 Worker 4 processing: 20020404.ZIP
2025/09/15 11:24:57 Processed 3282 nested ZIPs with 3282 XML files in 20020221.ZIP
2025/09/15 11:24:57 Worker 0 processing: 20020411-SUPP.ZIP
2025/09/15 11:24:57 Processed 2 nested ZIPs with 0 XML files in 20020411-SUPP.ZIP
2025/09/15 11:24:57 Worker 0 processing: 20020411.ZIP
2025/09/15 11:24:57 Processed 3015 nested ZIPs with 3015 XML files in 20020214.ZIP
2025/09/15 11:24:57 Worker 1 processing: 20020418-SUPP.ZIP
2025/09/15 11:24:57 Processed 4 nested ZIPs with 0 XML files in 20020418-SUPP.ZIP
2025/09/15 11:24:57 Worker 1 processing: 20020418.ZIP
2025/09/15 11:24:59 Successfully inserted 2999 out of 2999 patents
2025/09/15 11:25:03 Processed 3374 nested ZIPs with 3374 XML files in 20020228.ZIP
2025/09/15 11:25:03 Worker 2 processing: 20020425-SUPP.ZIP
2025/09/15 11:25:03 Processed 2 nested ZIPs with 0 XML files in 20020425-SUPP.ZIP
2025/09/15 11:25:03 Worker 2 processing: 20020425.ZIP
2025/09/15 11:25:05 Processed 2739 nested ZIPs with 2739 XML files in 20020307.ZIP
2025/09/15 11:25:05 Worker 7 processing: 20020502-SUPP.ZIP
2025/09/15 11:25:05 Processed 2 nested ZIPs with 0 XML files in 20020502-SUPP.ZIP
2025/09/15 11:25:05 Worker 7 processing: 20020502.ZIP
2025/09/15 11:25:09 Successfully inserted 3437 out of 3437 patents
2025/09/15 11:25:10 ========== STATISTICS ==========
2025/09/15 11:25:10 Archives processed: 60
2025/09/15 11:25:10 Patents extracted: 85743
2025/09/15 11:25:10 Patents inserted: 70315
2025/09/15 11:25:10 Errors: 0
2025/09/15 11:25:10 Time elapsed: 0.41 hours
2025/09/15 11:25:10 Rate: 208333 patents/hour
2025/09/15 11:25:10 ================================
2025/09/15 11:25:12 Current total patents in database: 8100601
2025/09/15 11:25:17 Successfully inserted 3018 out of 3018 patents
2025/09/15 11:25:25 Successfully inserted 3282 out of 3282 patents
2025/09/15 11:25:31 Processed 2018 nested ZIPs with 2018 XML files in 20020404.ZIP
2025/09/15 11:25:31 Worker 4 processing: 20020509-SUPP.ZIP
2025/09/15 11:25:31 Processed 1 nested ZIPs with 0 XML files in 20020509-SUPP.ZIP
2025/09/15 11:25:31 Worker 4 processing: 20020509.ZIP
2025/09/15 11:25:33 Successfully inserted 3015 out of 3015 patents
2025/09/15 11:25:34 Processed 3520 nested ZIPs with 3520 XML files in 20020314.ZIP
2025/09/15 11:25:34 Worker 3 processing: 20020516-SUPP.ZIP
2025/09/15 11:25:34 Processed 1 nested ZIPs with 0 XML files in 20020516-SUPP.ZIP
2025/09/15 11:25:34 Worker 3 processing: 20020516.ZIP
2025/09/15 11:25:37 Processed 2730 nested ZIPs with 2730 XML files in 20020328.ZIP
2025/09/15 11:25:37 Worker 5 processing: 20020523-SUPP.ZIP
2025/09/15 11:25:37 Processed 5 nested ZIPs with 0 XML files in 20020523-SUPP.ZIP
2025/09/15 11:25:37 Worker 5 processing: 20020523.ZIP
2025/09/15 11:25:39 Processed 2818 nested ZIPs with 2818 XML files in 20020321.ZIP
2025/09/15 11:25:39 Worker 6 processing: 20020530.ZIP
2025/09/15 11:25:40 ========== STATISTICS ==========
2025/09/15 11:25:40 Archives processed: 67
2025/09/15 11:25:40 Patents extracted: 96829
2025/09/15 11:25:40 Patents inserted: 79630
2025/09/15 11:25:40 Errors: 0
2025/09/15 11:25:40 Time elapsed: 0.42 hours
2025/09/15 11:25:40 Rate: 230600 patents/hour
2025/09/15 11:25:40 ================================
2025/09/15 11:25:42 Current total patents in database: 8100601
2025/09/15 11:25:42 Processed 2445 nested ZIPs with 2445 XML files in 20020411.ZIP
2025/09/15 11:25:42 Worker 0 processing: 20020606.ZIP
2025/09/15 11:25:42 Successfully inserted 3374 out of 3374 patents
2025/09/15 11:25:50 Successfully inserted 2739 out of 2739 patents
2025/09/15 11:25:56 Successfully inserted 2018 out of 2018 patents
2025/09/15 11:26:02 Processed 3482 nested ZIPs with 3482 XML files in 20020418.ZIP
2025/09/15 11:26:02 Worker 1 processing: 20020613-SUPP.ZIP
2025/09/15 11:26:02 Processed 4 nested ZIPs with 0 XML files in 20020613-SUPP.ZIP
2025/09/15 11:26:02 Worker 1 processing: 20020613.ZIP
2025/09/15 11:26:04 Processed 3082 nested ZIPs with 3082 XML files in 20020502.ZIP
2025/09/15 11:26:04 Worker 7 processing: 20020620-SUPP.ZIP
2025/09/15 11:26:04 Processed 1 nested ZIPs with 0 XML files in 20020620-SUPP.ZIP
2025/09/15 11:26:04 Worker 7 processing: 20020620.ZIP
2025/09/15 11:26:05 Processed 3560 nested ZIPs with 3560 XML files in 20020425.ZIP
2025/09/15 11:26:05 Worker 2 processing: 20020627-SUPP.ZIP
2025/09/15 11:26:06 Processed 7 nested ZIPs with 0 XML files in 20020627-SUPP.ZIP
2025/09/15 11:26:06 Worker 2 processing: 20020627.ZIP
2025/09/15 11:26:06 Successfully inserted 3520 out of 3520 patents
2025/09/15 11:26:10 ========== STATISTICS ==========
2025/09/15 11:26:10 Archives processed: 74
2025/09/15 11:26:10 Patents extracted: 109398
2025/09/15 11:26:10 Patents inserted: 91281
2025/09/15 11:26:10 Errors: 0
2025/09/15 11:26:10 Time elapsed: 0.43 hours
2025/09/15 11:26:10 Rate: 255464 patents/hour
2025/09/15 11:26:10 ================================
2025/09/15 11:26:15 Successfully inserted 2730 out of 2730 patents
2025/09/15 11:26:17 Current total patents in database: 8100601
2025/09/15 11:26:23 Successfully inserted 2818 out of 2818 patents
2025/09/15 11:26:28 Processed 3053 nested ZIPs with 3053 XML files in 20020509.ZIP
2025/09/15 11:26:28 Worker 4 processing: 20020704.ZIP
2025/09/15 11:26:30 Successfully inserted 2445 out of 2445 patents
2025/09/15 11:26:31 Processed 2836 nested ZIPs with 2836 XML files in 20020523.ZIP
2025/09/15 11:26:31 Worker 5 processing: 20020711-SUPP.ZIP
2025/09/15 11:26:31 Processed 3 nested ZIPs with 0 XML files in 20020711-SUPP.ZIP
2025/09/15 11:26:31 Worker 5 processing: 20020711.ZIP
2025/09/15 11:26:35 Processed 3304 nested ZIPs with 3304 XML files in 20020606.ZIP
2025/09/15 11:26:35 Worker 0 processing: 20020718-SUPP.ZIP
2025/09/15 11:26:35 Processed 3 nested ZIPs with 0 XML files in 20020718-SUPP.ZIP
2025/09/15 11:26:35 Worker 0 processing: 20020718.ZIP
2025/09/15 11:26:37 Processed 3519 nested ZIPs with 3519 XML files in 20020516.ZIP
2025/09/15 11:26:37 Worker 3 processing: 20020725.ZIP
2025/09/15 11:26:39 Successfully inserted 3482 out of 3482 patents
2025/09/15 11:26:40 Processed 3623 nested ZIPs with 3623 XML files in 20020530.ZIP
2025/09/15 11:26:40 Worker 6 processing: 20020801-SUPP.ZIP
2025/09/15 11:26:40 Processed 5 nested ZIPs with 0 XML files in 20020801-SUPP.ZIP
2025/09/15 11:26:40 Worker 6 processing: 20020801.ZIP
2025/09/15 11:26:40 ========== STATISTICS ==========
2025/09/15 11:26:40 Archives processed: 82
2025/09/15 11:26:40 Patents extracted: 125733
2025/09/15 11:26:40 Patents inserted: 102756
2025/09/15 11:26:40 Errors: 0
2025/09/15 11:26:40 Time elapsed: 0.44 hours
2025/09/15 11:26:40 Rate: 288004 patents/hour
2025/09/15 11:26:40 ================================
2025/09/15 11:26:42 Current total patents in database: 8100601
2025/09/15 11:26:49 Successfully inserted 3082 out of 3082 patents
2025/09/15 11:27:02 Processed 4023 nested ZIPs with 4023 XML files in 20020613.ZIP
2025/09/15 11:27:02 Worker 1 processing: 20020808.ZIP
2025/09/15 11:27:05 Successfully inserted 3560 out of 3560 patents
2025/09/15 11:27:10 ========== STATISTICS ==========
2025/09/15 11:27:10 Archives processed: 83
2025/09/15 11:27:10 Patents extracted: 129756
2025/09/15 11:27:10 Patents inserted: 109398
2025/09/15 11:27:10 Errors: 0
2025/09/15 11:27:10 Time elapsed: 0.44 hours
2025/09/15 11:27:10 Rate: 291652 patents/hour
2025/09/15 11:27:10 ================================
2025/09/15 11:27:12 Current total patents in database: 8100601
2025/09/15 11:27:16 Successfully inserted 3053 out of 3053 patents
2025/09/15 11:27:21 Processed 5009 nested ZIPs with 5009 XML files in 20020620.ZIP
2025/09/15 11:27:21 Worker 7 processing: 20020815.ZIP
2025/09/15 11:27:24 Successfully inserted 2836 out of 2836 patents
2025/09/15 11:27:24 Processed 5019 nested ZIPs with 5019 XML files in 20020627.ZIP
2025/09/15 11:27:24 Worker 2 processing: 20020822-SUPP.ZIP
2025/09/15 11:27:24 Processed 2 nested ZIPs with 0 XML files in 20020822-SUPP.ZIP
2025/09/15 11:27:24 Worker 2 processing: 20020822.ZIP
2025/09/15 11:27:31 Processed 3624 nested ZIPs with 3624 XML files in 20020718.ZIP
2025/09/15 11:27:31 Worker 0 processing: 20020829-SUPP.ZIP
2025/09/15 11:27:31 Processed 4 nested ZIPs with 0 XML files in 20020829-SUPP.ZIP
2025/09/15 11:27:31 Worker 0 processing: 20020829.ZIP
2025/09/15 11:27:32 Successfully inserted 3304 out of 3304 patents
2025/09/15 11:27:34 Processed 4041 nested ZIPs with 4041 XML files in 20020711.ZIP
2025/09/15 11:27:34 Worker 5 processing: 20020905-SUPP.ZIP
2025/09/15 11:27:34 Processed 2 nested ZIPs with 0 XML files in 20020905-SUPP.ZIP
2025/09/15 11:27:34 Worker 5 processing: 20020905.ZIP
2025/09/15 11:27:37 Processed 4525 nested ZIPs with 4525 XML files in 20020704.ZIP
2025/09/15 11:27:37 Worker 4 processing: 20020912-SUPP.ZIP
2025/09/15 11:27:37 Processed 3 nested ZIPs with 0 XML files in 20020912-SUPP.ZIP
2025/09/15 11:27:37 Worker 4 processing: 20020912.ZIP
2025/09/15 11:27:40 ========== STATISTICS ==========
2025/09/15 11:27:40 Archives processed: 92
2025/09/15 11:27:40 Patents extracted: 151974
2025/09/15 11:27:40 Patents inserted: 118591
2025/09/15 11:27:40 Errors: 0
2025/09/15 11:27:40 Time elapsed: 0.45 hours
2025/09/15 11:27:40 Rate: 335311 patents/hour
2025/09/15 11:27:40 ================================
2025/09/15 11:27:42 Successfully inserted 3519 out of 3519 patents
2025/09/15 11:27:42 Current total patents in database: 8100601
2025/09/15 11:27:48 Processed 4394 nested ZIPs with 4394 XML files in 20020725.ZIP
2025/09/15 11:27:48 Worker 3 processing: 20020919-SUPP.ZIP
2025/09/15 11:27:48 Processed 7 nested ZIPs with 0 XML files in 20020919-SUPP.ZIP
2025/09/15 11:27:48 Worker 3 processing: 20020919.ZIP
2025/09/15 11:27:50 Processed 4045 nested ZIPs with 4045 XML files in 20020801.ZIP
2025/09/15 11:27:50 Worker 6 processing: 20020926-SUPP.ZIP
2025/09/15 11:27:50 Processed 8 nested ZIPs with 0 XML files in 20020926-SUPP.ZIP
2025/09/15 11:27:50 Worker 6 processing: 20020926.ZIP
2025/09/15 11:27:51 Successfully inserted 3623 out of 3623 patents
2025/09/15 11:28:01 Successfully inserted 4023 out of 4023 patents
2025/09/15 11:28:10 ========== STATISTICS ==========
2025/09/15 11:28:10 Archives processed: 96
2025/09/15 11:28:10 Patents extracted: 160413
2025/09/15 11:28:10 Patents inserted: 129756
2025/09/15 11:28:10 Errors: 0
2025/09/15 11:28:10 Time elapsed: 0.46 hours
2025/09/15 11:28:10 Rate: 347540 patents/hour
2025/09/15 11:28:10 ================================
2025/09/15 11:28:11 Processed 4006 nested ZIPs with 4006 XML files in 20020808.ZIP
2025/09/15 11:28:11 Worker 1 processing: 20021003-SUPP.ZIP
2025/09/15 11:28:11 Processed 4 nested ZIPs with 0 XML files in 20021003-SUPP.ZIP
2025/09/15 11:28:11 Worker 1 processing: 20021003.ZIP
2025/09/15 11:28:12 Current total patents in database: 8100601
2025/09/15 11:28:14 Successfully inserted 5009 out of 5009 patents
2025/09/15 11:28:27 Successfully inserted 5019 out of 5019 patents
2025/09/15 11:28:27 Processed 4090 nested ZIPs with 4090 XML files in 20020815.ZIP
2025/09/15 11:28:27 Worker 7 processing: 20021010-SUPP.ZIP
2025/09/15 11:28:27 Processed 1 nested ZIPs with 0 XML files in 20021010-SUPP.ZIP
2025/09/15 11:28:27 Worker 7 processing: 20021010.ZIP
2025/09/15 11:28:29 Processed 3319 nested ZIPs with 3319 XML files in 20020905.ZIP
2025/09/15 11:28:29 Worker 5 processing: 20021017-SUPP.ZIP
2025/09/15 11:28:29 Processed 5 nested ZIPs with 0 XML files in 20021017-SUPP.ZIP
2025/09/15 11:28:29 Worker 5 processing: 20021017.ZIP
2025/09/15 11:28:35 Successfully inserted 3624 out of 3624 patents
2025/09/15 11:28:37 Processed 4445 nested ZIPs with 4445 XML files in 20020822.ZIP
2025/09/15 11:28:37 Worker 2 processing: 20021024-SUPP.ZIP
2025/09/15 11:28:37 Processed 4 nested ZIPs with 0 XML files in 20021024-SUPP.ZIP
2025/09/15 11:28:37 Worker 2 processing: 20021024.ZIP
2025/09/15 11:28:40 ========== STATISTICS ==========
2025/09/15 11:28:40 Archives processed: 104
2025/09/15 11:28:40 Patents extracted: 176273
2025/09/15 11:28:40 Patents inserted: 143408
2025/09/15 11:28:40 Errors: 0
2025/09/15 11:28:40 Time elapsed: 0.47 hours
2025/09/15 11:28:40 Rate: 375129 patents/hour
2025/09/15 11:28:40 ================================
2025/09/15 11:28:42 Current total patents in database: 8100601
2025/09/15 11:28:42 Processed 4230 nested ZIPs with 4230 XML files in 20020829.ZIP
2025/09/15 11:28:42 Worker 0 processing: 20021031-SUPP.ZIP
2025/09/15 11:28:42 Processed 6 nested ZIPs with 0 XML files in 20021031-SUPP.ZIP
2025/09/15 11:28:42 Worker 0 processing: 20021031.ZIP
2025/09/15 11:28:45 Successfully inserted 4041 out of 4041 patents
2025/09/15 11:28:56 Successfully inserted 4525 out of 4525 patents
2025/09/15 11:28:59 Processed 5139 nested ZIPs with 5139 XML files in 20020912.ZIP
2025/09/15 11:28:59 Worker 4 processing: 20021107-SUPP.ZIP
2025/09/15 11:28:59 Processed 2 nested ZIPs with 0 XML files in 20021107-SUPP.ZIP
2025/09/15 11:28:59 Worker 4 processing: 20021107.ZIP
2025/09/15 11:29:06 Processed 4426 nested ZIPs with 4426 XML files in 20020919.ZIP
2025/09/15 11:29:06 Worker 3 processing: 20021114-SUPP.ZIP
2025/09/15 11:29:06 Processed 3 nested ZIPs with 0 XML files in 20021114-SUPP.ZIP
2025/09/15 11:29:06 Worker 3 processing: 20021114.ZIP
2025/09/15 11:29:08 Successfully inserted 4394 out of 4394 patents
2025/09/15 11:29:10 ========== STATISTICS ==========
2025/09/15 11:29:10 Archives processed: 110
2025/09/15 11:29:10 Patents extracted: 190068
2025/09/15 11:29:10 Patents inserted: 156368
2025/09/15 11:29:10 Errors: 0
2025/09/15 11:29:10 Time elapsed: 0.48 hours
2025/09/15 11:29:10 Rate: 397438 patents/hour
2025/09/15 11:29:10 ================================
2025/09/15 11:29:12 Current total patents in database: 8100601
2025/09/15 11:29:16 Processed 5026 nested ZIPs with 5026 XML files in 20020926.ZIP
2025/09/15 11:29:16 Worker 6 processing: 20021121-SUPP.ZIP
2025/09/15 11:29:16 Processed 2 nested ZIPs with 0 XML files in 20021121-SUPP.ZIP
2025/09/15 11:29:16 Worker 6 processing: 20021121.ZIP
2025/09/15 11:29:20 Successfully inserted 4045 out of 4045 patents
2025/09/15 11:29:31 Successfully inserted 4006 out of 4006 patents
2025/09/15 11:29:31 Processed 3696 nested ZIPs with 3696 XML files in 20021010.ZIP
2025/09/15 11:29:31 Worker 7 processing: 20021128-SUPP.ZIP
2025/09/15 11:29:31 Processed 5 nested ZIPs with 0 XML files in 20021128-SUPP.ZIP
2025/09/15 11:29:31 Worker 7 processing: 20021128.ZIP
2025/09/15 11:29:40 ========== STATISTICS ==========
2025/09/15 11:29:40 Archives processed: 114
2025/09/15 11:29:40 Patents extracted: 198790
2025/09/15 11:29:40 Patents inserted: 164419
2025/09/15 11:29:40 Errors: 0
2025/09/15 11:29:40 Time elapsed: 0.49 hours
2025/09/15 11:29:40 Rate: 408557 patents/hour
2025/09/15 11:29:40 ================================
2025/09/15 11:29:40 Processed 5439 nested ZIPs with 5439 XML files in 20021003.ZIP
2025/09/15 11:29:40 Worker 1 processing: 20021205-SUPP.ZIP
2025/09/15 11:29:40 Processed 4 nested ZIPs with 0 XML files in 20021205-SUPP.ZIP
2025/09/15 11:29:40 Worker 1 processing: 20021205.ZIP
2025/09/15 11:29:41 Successfully inserted 4090 out of 4090 patents
2025/09/15 11:29:42 Current total patents in database: 8100601
2025/09/15 11:29:49 Processed 4503 nested ZIPs with 4503 XML files in 20021017.ZIP
2025/09/15 11:29:49 Worker 5 processing: 20021212.ZIP
2025/09/15 11:29:50 Successfully inserted 3319 out of 3319 patents
2025/09/15 11:30:02 Successfully inserted 4445 out of 4445 patents
2025/09/15 11:30:03 Processed 4632 nested ZIPs with 4632 XML files in 20021024.ZIP
2025/09/15 11:30:03 Worker 2 processing: 20021219-SUPP.ZIP
2025/09/15 11:30:03 Processed 5 nested ZIPs with 0 XML files in 20021219-SUPP.ZIP
2025/09/15 11:30:03 Worker 2 processing: 20021219.ZIP
2025/09/15 11:30:08 Processed 4990 nested ZIPs with 4990 XML files in 20021031.ZIP
2025/09/15 11:30:08 Worker 0 processing: 20021226-SUPP.ZIP
2025/09/15 11:30:08 Processed 7 nested ZIPs with 0 XML files in 20021226-SUPP.ZIP
2025/09/15 11:30:08 Worker 0 processing: 20021226.ZIP
2025/09/15 11:30:10 ========== STATISTICS ==========
2025/09/15 11:30:10 Archives processed: 121
2025/09/15 11:30:10 Patents extracted: 218354
2025/09/15 11:30:10 Patents inserted: 176273
2025/09/15 11:30:10 Errors: 0
2025/09/15 11:30:10 Time elapsed: 0.49 hours
2025/09/15 11:30:10 Rate: 441208 patents/hour
2025/09/15 11:30:10 ================================
2025/09/15 11:30:10 Processed 4002 nested ZIPs with 4002 XML files in 20021107.ZIP
2025/09/15 11:30:10 Worker 4 processing: 20030102-SUPP.ZIP
2025/09/15 11:30:10 Processed 4 nested ZIPs with 0 XML files in 20030102-SUPP.ZIP
2025/09/15 11:30:10 Worker 4 processing: 20030102.ZIP
2025/09/15 11:30:12 Current total patents in database: 8100601
2025/09/15 11:30:13 Successfully inserted 4230 out of 4230 patents
2025/09/15 11:30:16 Processed 3949 nested ZIPs with 3949 XML files in 20021114.ZIP
2025/09/15 11:30:16 Worker 3 processing: 20030109-SUPP.ZIP
2025/09/15 11:30:16 Processed 4 nested ZIPs with 0 XML files in 20030109-SUPP.ZIP
2025/09/15 11:30:16 Worker 3 processing: 20030109.ZIP
2025/09/15 11:30:29 Successfully inserted 5139 out of 5139 patents
2025/09/15 11:30:30 Processed 4371 nested ZIPs with 4371 XML files in 20021121.ZIP
2025/09/15 11:30:30 Worker 6 processing: 20030116-SUPP.ZIP
2025/09/15 11:30:30 Processed 2 nested ZIPs with 0 XML files in 20030116-SUPP.ZIP
2025/09/15 11:30:30 Worker 6 processing: 20030116.ZIP
2025/09/15 11:30:39 Processed 4006 nested ZIPs with 4006 XML files in 20021128.ZIP
2025/09/15 11:30:39 Worker 7 processing: 20030123-SUPP.ZIP
2025/09/15 11:30:39 Processed 12 nested ZIPs with 0 XML files in 20030123-SUPP.ZIP
2025/09/15 11:30:39 Worker 7 processing: 20030123.ZIP
2025/09/15 11:30:40 ========== STATISTICS ==========
2025/09/15 11:30:40 Archives processed: 129
2025/09/15 11:30:40 Patents extracted: 234682
2025/09/15 11:30:40 Patents inserted: 185642
2025/09/15 11:30:40 Errors: 0
2025/09/15 11:30:40 Time elapsed: 0.50 hours
2025/09/15 11:30:40 Rate: 466348 patents/hour
2025/09/15 11:30:40 ================================
2025/09/15 11:30:42 Successfully inserted 4426 out of 4426 patents
2025/09/15 11:30:42 Current total patents in database: 8100601
2025/09/15 11:30:53 Processed 4307 nested ZIPs with 4307 XML files in 20021212.ZIP
2025/09/15 11:30:53 Worker 5 processing: 20030130-SUPP.ZIP
2025/09/15 11:30:53 Processed 15 nested ZIPs with 0 XML files in 20030130-SUPP.ZIP
2025/09/15 11:30:53 Worker 5 processing: 20030130.ZIP
2025/09/15 11:31:08 Successfully inserted 5026 out of 5026 patents
2025/09/15 11:31:10 ========== STATISTICS ==========
2025/09/15 11:31:10 Archives processed: 131
2025/09/15 11:31:10 Patents extracted: 238989
2025/09/15 11:31:10 Patents inserted: 195094
2025/09/15 11:31:10 Errors: 0
2025/09/15 11:31:10 Time elapsed: 0.51 hours
2025/09/15 11:31:10 Rate: 467171 patents/hour
2025/09/15 11:31:10 ================================
2025/09/15 11:31:12 Current total patents in database: 8100601
2025/09/15 11:31:20 Processed 6209 nested ZIPs with 6209 XML files in 20021205.ZIP
2025/09/15 11:31:20 Worker 1 processing: 20030206-SUPP.ZIP
2025/09/15 11:31:20 Processed 28 nested ZIPs with 0 XML files in 20030206-SUPP.ZIP
2025/09/15 11:31:20 Worker 1 processing: 20030206.ZIP
2025/09/15 11:31:20 Successfully inserted 3696 out of 3696 patents
2025/09/15 11:31:25 Processed 4564 nested ZIPs with 4564 XML files in 20021226.ZIP
2025/09/15 11:31:25 Worker 0 processing: 20030213-SUPP.ZIP
2025/09/15 11:31:25 Processed 43 nested ZIPs with 0 XML files in 20030213-SUPP.ZIP
2025/09/15 11:31:25 Worker 0 processing: 20030213.ZIP
2025/09/15 11:31:28 Processed 4307 nested ZIPs with 4307 XML files in 20030109.ZIP
2025/09/15 11:31:28 Worker 3 processing: 20030220-SUPP.ZIP
2025/09/15 11:31:29 Processed 51 nested ZIPs with 0 XML files in 20030220-SUPP.ZIP
2025/09/15 11:31:29 Worker 3 processing: 20030220.ZIP
2025/09/15 11:31:37 Successfully inserted 5439 out of 5439 patents
2025/09/15 11:31:38 Processed 5670 nested ZIPs with 5670 XML files in 20021219.ZIP
2025/09/15 11:31:38 Worker 2 processing: 20030227-SUPP.ZIP
2025/09/15 11:31:38 Processed 32 nested ZIPs with 0 XML files in 20030227-SUPP.ZIP
2025/09/15 11:31:38 Worker 2 processing: 20030227.ZIP
2025/09/15 11:31:40 ========== STATISTICS ==========
2025/09/15 11:31:40 Archives processed: 139
2025/09/15 11:31:40 Patents extracted: 259739
2025/09/15 11:31:40 Patents inserted: 204229
2025/09/15 11:31:40 Errors: 0
2025/09/15 11:31:40 Time elapsed: 0.52 hours
2025/09/15 11:31:40 Rate: 499594 patents/hour
2025/09/15 11:31:40 ================================
2025/09/15 11:31:41 Processed 5503 nested ZIPs with 5503 XML files in 20030102.ZIP
2025/09/15 11:31:41 Worker 4 processing: 20030306-SUPP.ZIP
2025/09/15 11:31:41 Processed 27 nested ZIPs with 0 XML files in 20030306-SUPP.ZIP
2025/09/15 11:31:41 Worker 4 processing: 20030306.ZIP
2025/09/15 11:31:42 Current total patents in database: 8100601
2025/09/15 11:31:50 Processed 4987 nested ZIPs with 4987 XML files in 20030116.ZIP
2025/09/15 11:31:50 Worker 6 processing: 20030313-SUPP.ZIP
2025/09/15 11:31:50 Processed 63 nested ZIPs with 0 XML files in 20030313-SUPP.ZIP
2025/09/15 11:31:50 Worker 6 processing: 20030313A.ZIP
2025/09/15 11:31:52 Successfully inserted 4503 out of 4503 patents
2025/09/15 11:31:52 Processed 4204 nested ZIPs with 4204 XML files in 20030123.ZIP
2025/09/15 11:31:52 Worker 7 processing: 20030313B.ZIP
2025/09/15 11:32:07 Successfully inserted 4632 out of 4632 patents
2025/09/15 11:32:10 ========== STATISTICS ==========
2025/09/15 11:32:10 Archives processed: 144
2025/09/15 11:32:10 Patents extracted: 274433
2025/09/15 11:32:10 Patents inserted: 213364
2025/09/15 11:32:10 Errors: 0
2025/09/15 11:32:10 Time elapsed: 0.53 hours
2025/09/15 11:32:10 Rate: 519530 patents/hour
2025/09/15 11:32:10 ================================
2025/09/15 11:32:12 Current total patents in database: 8100601
2025/09/15 11:32:20 Processed 1276 nested ZIPs with 1276 XML files in 20030313A.ZIP
2025/09/15 11:32:20 Worker 6 processing: 20030320-SUPP.ZIP
2025/09/15 11:32:20 Processed 49 nested ZIPs with 0 XML files in 20030320-SUPP.ZIP
2025/09/15 11:32:20 Worker 6 processing: 20030320A.ZIP
2025/09/15 11:32:21 Processed 5022 nested ZIPs with 5022 XML files in 20030130.ZIP
2025/09/15 11:32:21 Worker 5 processing: 20030320B.ZIP
2025/09/15 11:32:23 Successfully inserted 4990 out of 4990 patents
2025/09/15 11:32:36 Successfully inserted 4002 out of 4002 patents
2025/09/15 11:32:40 ========== STATISTICS ==========
2025/09/15 11:32:40 Archives processed: 147
2025/09/15 11:32:40 Patents extracted: 280731
2025/09/15 11:32:40 Patents inserted: 222356
2025/09/15 11:32:40 Errors: 0
2025/09/15 11:32:40 Time elapsed: 0.54 hours
2025/09/15 11:32:40 Rate: 523199 patents/hour
2025/09/15 11:32:40 ================================
2025/09/15 11:32:42 Current total patents in database: 8100601
2025/09/15 11:32:47 Processed 3706 nested ZIPs with 3706 XML files in 20030220.ZIP
2025/09/15 11:32:47 Worker 3 processing: 20030327-SUPP.ZIP
2025/09/15 11:32:47 Processed 20 nested ZIPs with 0 XML files in 20030327-SUPP.ZIP
2025/09/15 11:32:47 Worker 3 processing: 20030327.ZIP
2025/09/15 11:32:48 Successfully inserted 3949 out of 3949 patents
2025/09/15 11:32:51 Processed 1253 nested ZIPs with 1253 XML files in 20030320A.ZIP
2025/09/15 11:32:51 Worker 6 processing: 20030403-SUPP.ZIP
2025/09/15 11:32:51 Processed 44 nested ZIPs with 0 XML files in 20030403-SUPP.ZIP
2025/09/15 11:32:51 Worker 6 processing: 20030403.ZIP
2025/09/15 11:32:53 Processed 4003 nested ZIPs with 4003 XML files in 20030227.ZIP
2025/09/15 11:32:53 Worker 2 processing: 20030410-SUPP.ZIP
2025/09/15 11:32:53 Processed 112 nested ZIPs with 0 XML files in 20030410-SUPP.ZIP
2025/09/15 11:32:53 Worker 2 processing: 20030410A.ZIP
2025/09/15 11:32:54 Processed 4918 nested ZIPs with 4918 XML files in 20030206.ZIP
2025/09/15 11:32:54 Worker 1 processing: 20030410B.ZIP
2025/09/15 11:32:55 Processed 4704 nested ZIPs with 4704 XML files in 20030213.ZIP
2025/09/15 11:32:55 Worker 0 processing: 20030417-SUPP.ZIP
2025/09/15 11:32:55 Processed 43 nested ZIPs with 0 XML files in 20030417-SUPP.ZIP
2025/09/15 11:32:55 Worker 0 processing: 20030417.ZIP
2025/09/15 11:33:00 Processed 3262 nested ZIPs with 3262 XML files in 20030313B.ZIP
2025/09/15 11:33:00 Worker 7 processing: 20030424-SUPP.ZIP
2025/09/15 11:33:00 Processed 52 nested ZIPs with 0 XML files in 20030424-SUPP.ZIP
2025/09/15 11:33:00 Worker 7 processing: 20030424A.ZIP
2025/09/15 11:33:03 Successfully inserted 4371 out of 4371 patents
2025/09/15 11:33:10 ========== STATISTICS ==========
2025/09/15 11:33:10 Archives processed: 158
2025/09/15 11:33:10 Patents extracted: 302577
2025/09/15 11:33:10 Patents inserted: 230676
2025/09/15 11:33:10 Errors: 0
2025/09/15 11:33:10 Time elapsed: 0.54 hours
2025/09/15 11:33:10 Rate: 555289 patents/hour
2025/09/15 11:33:10 ================================
2025/09/15 11:33:12 Current total patents in database: 8100601
2025/09/15 11:33:16 Successfully inserted 4006 out of 4006 patents
2025/09/15 11:33:22 Processed 5381 nested ZIPs with 5381 XML files in 20030306.ZIP
2025/09/15 11:33:22 Worker 4 processing: 20030424B.ZIP
2025/09/15 11:33:28 Successfully inserted 4307 out of 4307 patents
2025/09/15 11:33:40 ========== STATISTICS ==========
2025/09/15 11:33:40 Archives processed: 159
2025/09/15 11:33:40 Patents extracted: 307958
2025/09/15 11:33:40 Patents inserted: 238989
2025/09/15 11:33:40 Errors: 0
2025/09/15 11:33:40 Time elapsed: 0.55 hours
2025/09/15 11:33:40 Rate: 556651 patents/hour
2025/09/15 11:33:40 ================================
2025/09/15 11:33:41 Processed 3731 nested ZIPs with 3731 XML files in 20030320B.ZIP
2025/09/15 11:33:41 Worker 5 processing: 20030501-SUPP.ZIP
2025/09/15 11:33:42 Processed 1448 nested ZIPs with 1448 XML files in 20030410B.ZIP
2025/09/15 11:33:42 Worker 1 processing: 20030501A.ZIP
2025/09/15 11:33:42 Processed 48 nested ZIPs with 0 XML files in 20030501-SUPP.ZIP
2025/09/15 11:33:42 Worker 5 processing: 20030501B.ZIP
2025/09/15 11:33:42 Current total patents in database: 8100601
2025/09/15 11:33:47 Successfully inserted 6209 out of 6209 patents
2025/09/15 11:33:53 Processed 1257 nested ZIPs with 1257 XML files in 20030424B.ZIP
2025/09/15 11:33:53 Worker 4 processing: 20030508-SUPP.ZIP
2025/09/15 11:33:53 Processed 42 nested ZIPs with 0 XML files in 20030508-SUPP.ZIP
2025/09/15 11:33:53 Worker 4 processing: 20030508.ZIP
2025/09/15 11:33:57 Processed 2636 nested ZIPs with 2636 XML files in 20030410A.ZIP
2025/09/15 11:33:57 Worker 2 processing: 20030515-SUPP.ZIP
2025/09/15 11:33:57 Processed 26 nested ZIPs with 0 XML files in 20030515-SUPP.ZIP
2025/09/15 11:33:57 Worker 2 processing: 20030515.ZIP
2025/09/15 11:34:02 Successfully inserted 4564 out of 4564 patents
2025/09/15 11:34:08 Processed 3300 nested ZIPs with 3300 XML files in 20030424A.ZIP
2025/09/15 11:34:08 Worker 7 processing: 20030522-SUPP.ZIP
2025/09/15 11:34:08 Processed 25 nested ZIPs with 0 XML files in 20030522-SUPP.ZIP
2025/09/15 11:34:08 Worker 7 processing: 20030522.ZIP
2025/09/15 11:34:10 ========== STATISTICS ==========
2025/09/15 11:34:10 Archives processed: 168
2025/09/15 11:34:10 Patents extracted: 320330
2025/09/15 11:34:10 Patents inserted: 249762
2025/09/15 11:34:10 Errors: 0
2025/09/15 11:34:10 Time elapsed: 0.56 hours
2025/09/15 11:34:10 Rate: 570422 patents/hour
2025/09/15 11:34:10 ================================
2025/09/15 11:34:13 Current total patents in database: 8100601
2025/09/15 11:34:14 Processed 1488 nested ZIPs with 1488 XML files in 20030501B.ZIP
2025/09/15 11:34:14 Worker 5 processing: 20030529-SUPP.ZIP
2025/09/15 11:34:14 Processed 38 nested ZIPs with 0 XML files in 20030529-SUPP.ZIP
2025/09/15 11:34:14 Worker 5 processing: 20030529.ZIP
2025/09/15 11:34:16 Successfully inserted 4307 out of 4307 patents
2025/09/15 11:34:26 Processed 5379 nested ZIPs with 5379 XML files in 20030327.ZIP
2025/09/15 11:34:26 Worker 3 processing: 20030605-SUPP.ZIP
2025/09/15 11:34:26 Processed 32 nested ZIPs with 0 XML files in 20030605-SUPP.ZIP
2025/09/15 11:34:26 Worker 3 processing: 20030605.ZIP
2025/09/15 11:34:29 Processed 4465 nested ZIPs with 4465 XML files in 20030403.ZIP
2025/09/15 11:34:29 Worker 6 processing: 20030612-SUPP.ZIP
2025/09/15 11:34:29 Processed 8 nested ZIPs with 0 XML files in 20030612-SUPP.ZIP
2025/09/15 11:34:29 Worker 6 processing: 20030612.ZIP
2025/09/15 11:34:32 Processed 4508 nested ZIPs with 4508 XML files in 20030417.ZIP
2025/09/15 11:34:32 Worker 0 processing: 20030619-SUPP.ZIP
2025/09/15 11:34:32 Processed 10 nested ZIPs with 0 XML files in 20030619-SUPP.ZIP
2025/09/15 11:34:32 Worker 0 processing: 20030619.ZIP
2025/09/15 11:34:34 Successfully inserted 5670 out of 5670 patents
2025/09/15 11:34:40 ========== STATISTICS ==========
2025/09/15 11:34:40 Archives processed: 176
2025/09/15 11:34:40 Patents extracted: 336170
2025/09/15 11:34:40 Patents inserted: 259739
2025/09/15 11:34:40 Errors: 0
2025/09/15 11:34:40 Time elapsed: 0.57 hours
2025/09/15 11:34:40 Rate: 589875 patents/hour
2025/09/15 11:34:40 ================================
2025/09/15 11:34:43 Current total patents in database: 8100601
2025/09/15 11:34:52 Successfully inserted 5503 out of 5503 patents
2025/09/15 11:34:57 Processed 3743 nested ZIPs with 3743 XML files in 20030501A.ZIP
2025/09/15 11:34:57 Worker 1 processing: 20030626-SUPP.ZIP
2025/09/15 11:34:57 Processed 2 nested ZIPs with 0 XML files in 20030626-SUPP.ZIP
2025/09/15 11:34:57 Worker 1 processing: 20030626.ZIP
2025/09/15 11:35:07 Successfully inserted 4987 out of 4987 patents
2025/09/15 11:35:10 ========== STATISTICS ==========
2025/09/15 11:35:10 Archives processed: 178
2025/09/15 11:35:10 Patents extracted: 339913
2025/09/15 11:35:10 Patents inserted: 270229
2025/09/15 11:35:10 Errors: 0
2025/09/15 11:35:10 Time elapsed: 0.58 hours
2025/09/15 11:35:10 Rate: 587847 patents/hour
2025/09/15 11:35:10 ================================
2025/09/15 11:35:14 Current total patents in database: 8100601
2025/09/15 11:35:26 Processed 3850 nested ZIPs with 3850 XML files in 20030522.ZIP
2025/09/15 11:35:26 Worker 7 processing: 20030703-SUPP.ZIP
2025/09/15 11:35:26 Processed 10 nested ZIPs with 0 XML files in 20030703-SUPP.ZIP
2025/09/15 11:35:26 Worker 7 processing: 20030703.ZIP
2025/09/15 11:35:26 Processed 4404 nested ZIPs with 4404 XML files in 20030508.ZIP
2025/09/15 11:35:26 Worker 4 processing: 20030710-SUPP.ZIP
2025/09/15 11:35:26 Processed 14 nested ZIPs with 0 XML files in 20030710-SUPP.ZIP
2025/09/15 11:35:26 Worker 4 processing: 20030710.ZIP
2025/09/15 11:35:31 Processed 3798 nested ZIPs with 3798 XML files in 20030529.ZIP
2025/09/15 11:35:31 Worker 5 processing: 20030717-SUPP.ZIP
2025/09/15 11:35:31 Processed 45 nested ZIPs with 0 XML files in 20030717-SUPP.ZIP
2025/09/15 11:35:31 Worker 5 processing: 20030717.ZIP
2025/09/15 11:35:33 Successfully inserted 4204 out of 4204 patents
2025/09/15 11:35:34 Processed 4950 nested ZIPs with 4950 XML files in 20030515.ZIP
2025/09/15 11:35:34 Worker 2 processing: 20030724-SUPP.ZIP
2025/09/15 11:35:34 Processed 15 nested ZIPs with 0 XML files in 20030724-SUPP.ZIP
2025/09/15 11:35:34 Worker 2 processing: 20030724.ZIP
2025/09/15 11:35:37 Successfully inserted 1276 out of 1276 patents
2025/09/15 11:35:40 ========== STATISTICS ==========
2025/09/15 11:35:40 Archives processed: 186
2025/09/15 11:35:40 Patents extracted: 356915
2025/09/15 11:35:40 Patents inserted: 275709
2025/09/15 11:35:40 Errors: 0
2025/09/15 11:35:40 Time elapsed: 0.59 hours
2025/09/15 11:35:40 Rate: 608482 patents/hour
2025/09/15 11:35:40 ================================
2025/09/15 11:35:42 Current total patents in database: 8100601
2025/09/15 11:35:45 Processed 4422 nested ZIPs with 4422 XML files in 20030612.ZIP
2025/09/15 11:35:45 Worker 6 processing: 20030731-SUPP.ZIP
2025/09/15 11:35:45 Processed 5 nested ZIPs with 0 XML files in 20030731-SUPP.ZIP
2025/09/15 11:35:45 Worker 6 processing: 20030731.ZIP
2025/09/15 11:35:51 Successfully inserted 5022 out of 5022 patents
2025/09/15 11:36:01 Successfully inserted 3706 out of 3706 patents
2025/09/15 11:36:03 Processed 5103 nested ZIPs with 5103 XML files in 20030619.ZIP
2025/09/15 11:36:03 Worker 0 processing: 20030807-SUPP.ZIP
2025/09/15 11:36:03 Processed 30 nested ZIPs with 0 XML files in 20030807-SUPP.ZIP
2025/09/15 11:36:03 Worker 0 processing: 20030807.ZIP
2025/09/15 11:36:05 Successfully inserted 1253 out of 1253 patents
2025/09/15 11:36:05 Processed 4625 nested ZIPs with 4625 XML files in 20030605.ZIP
2025/09/15 11:36:05 Worker 3 processing: 20030814-SUPP.ZIP
2025/09/15 11:36:05 Processed 7 nested ZIPs with 0 XML files in 20030814-SUPP.ZIP
2025/09/15 11:36:05 Worker 3 processing: 20030814.ZIP
2025/09/15 11:36:10 ========== STATISTICS ==========
2025/09/15 11:36:10 Archives processed: 192
2025/09/15 11:36:10 Patents extracted: 371065
2025/09/15 11:36:10 Patents inserted: 285690
2025/09/15 11:36:10 Errors: 0
2025/09/15 11:36:10 Time elapsed: 0.59 hours
2025/09/15 11:36:10 Rate: 623743 patents/hour
2025/09/15 11:36:10 ================================
2025/09/15 11:36:12 Current total patents in database: 8100601
2025/09/15 11:36:16 Successfully inserted 4003 out of 4003 patents
2025/09/15 11:36:30 Successfully inserted 4918 out of 4918 patents
2025/09/15 11:36:38 Processed 5436 nested ZIPs with 5436 XML files in 20030626.ZIP
2025/09/15 11:36:38 Worker 1 processing: 20030821-SUPP.ZIP
2025/09/15 11:36:39 Processed 40 nested ZIPs with 0 XML files in 20030821-SUPP.ZIP
2025/09/15 11:36:39 Worker 1 processing: 20030821.ZIP
2025/09/15 11:36:40 ========== STATISTICS ==========
2025/09/15 11:36:40 Archives processed: 194
2025/09/15 11:36:40 Patents extracted: 376501
2025/09/15 11:36:40 Patents inserted: 294611
2025/09/15 11:36:40 Errors: 0
2025/09/15 11:36:40 Time elapsed: 0.60 hours
2025/09/15 11:36:40 Rate: 624138 patents/hour
2025/09/15 11:36:40 ================================
2025/09/15 11:36:42 Current total patents in database: 8100601
2025/09/15 11:36:43 Successfully inserted 4704 out of 4704 patents
2025/09/15 11:36:52 Successfully inserted 3262 out of 3262 patents
2025/09/15 11:36:55 Processed 4728 nested ZIPs with 4728 XML files in 20030710.ZIP
2025/09/15 11:36:55 Worker 4 processing: 20030828-SUPP.ZIP
2025/09/15 11:36:55 Processed 3 nested ZIPs with 0 XML files in 20030828-SUPP.ZIP
2025/09/15 11:36:55 Worker 4 processing: 20030828.ZIP
2025/09/15 11:36:59 Processed 4484 nested ZIPs with 4484 XML files in 20030724.ZIP
2025/09/15 11:36:59 Worker 2 processing: 20030904-SUPP.ZIP
2025/09/15 11:36:59 Processed 75 nested ZIPs with 0 XML files in 20030904-SUPP.ZIP
2025/09/15 11:36:59 Worker 2 processing: 20030904A.ZIP
2025/09/15 11:37:00 Processed 4514 nested ZIPs with 4514 XML files in 20030717.ZIP
2025/09/15 11:37:00 Worker 5 processing: 20030904B.ZIP
2025/09/15 11:37:03 Processed 5575 nested ZIPs with 5575 XML files in 20030703.ZIP
2025/09/15 11:37:03 Worker 7 processing: 20030911-SUPP.ZIP
2025/09/15 11:37:03 Processed 24 nested ZIPs with 0 XML files in 20030911-SUPP.ZIP
2025/09/15 11:37:03 Worker 7 processing: 20030911.ZIP
2025/09/15 11:37:06 Successfully inserted 5381 out of 5381 patents
2025/09/15 11:37:10 ========== STATISTICS ==========
2025/09/15 11:37:10 Archives processed: 201
2025/09/15 11:37:10 Patents extracted: 395802
2025/09/15 11:37:10 Patents inserted: 307958
2025/09/15 11:37:10 Errors: 0
2025/09/15 11:37:10 Time elapsed: 0.61 hours
2025/09/15 11:37:10 Rate: 647194 patents/hour
2025/09/15 11:37:10 ================================
2025/09/15 11:37:12 Current total patents in database: 8100601
2025/09/15 11:37:15 Processed 4975 nested ZIPs with 4975 XML files in 20030731.ZIP
2025/09/15 11:37:15 Worker 6 processing: 20030918-SUPP.ZIP
2025/09/15 11:37:15 Processed 17 nested ZIPs with 0 XML files in 20030918-SUPP.ZIP
2025/09/15 11:37:15 Worker 6 processing: 20030918.ZIP
2025/09/15 11:37:16 Successfully inserted 3731 out of 3731 patents
2025/09/15 11:37:20 Successfully inserted 1448 out of 1448 patents
2025/09/15 11:37:24 Successfully inserted 1257 out of 1257 patents
2025/09/15 11:37:27 Processed 4492 nested ZIPs with 4492 XML files in 20030814.ZIP
2025/09/15 11:37:27 Worker 3 processing: 20030925-SUPP.ZIP
2025/09/15 11:37:28 Processed 25 nested ZIPs with 0 XML files in 20030925-SUPP.ZIP
2025/09/15 11:37:28 Worker 3 processing: 20030925A.ZIP
2025/09/15 11:37:32 Successfully inserted 2636 out of 2636 patents
2025/09/15 11:37:37 Processed 4673 nested ZIPs with 4673 XML files in 20030807.ZIP
2025/09/15 11:37:37 Worker 0 processing: 20030925B.ZIP
2025/09/15 11:37:40 Processed 2141 nested ZIPs with 2141 XML files in 20030904A.ZIP
2025/09/15 11:37:40 Worker 2 processing: 20031002-SUPP.ZIP
2025/09/15 11:37:40 Processed 40 nested ZIPs with 0 XML files in 20031002-SUPP.ZIP
2025/09/15 11:37:40 Worker 2 processing: 20031002.ZIP
2025/09/15 11:37:40 ========== STATISTICS ==========
2025/09/15 11:37:40 Archives processed: 208
2025/09/15 11:37:40 Patents extracted: 412083
2025/09/15 11:37:40 Patents inserted: 317030
2025/09/15 11:37:40 Errors: 0
2025/09/15 11:37:40 Time elapsed: 0.62 hours
2025/09/15 11:37:40 Rate: 664757 patents/hour
2025/09/15 11:37:40 ================================
2025/09/15 11:37:41 Successfully inserted 3300 out of 3300 patents
2025/09/15 11:37:42 Current total patents in database: 8100601
2025/09/15 11:37:46 Successfully inserted 1488 out of 1488 patents
2025/09/15 11:37:58 Processed 1546 nested ZIPs with 1546 XML files in 20030904B.ZIP
2025/09/15 11:37:58 Worker 5 processing: 20031009-SUPP.ZIP
2025/09/15 11:37:58 Processed 26 nested ZIPs with 0 XML files in 20031009-SUPP.ZIP
2025/09/15 11:37:58 Worker 5 processing: 20031009.ZIP
2025/09/15 11:38:01 Successfully inserted 5379 out of 5379 patents
2025/09/15 11:38:10 Processed 4657 nested ZIPs with 4657 XML files in 20030821.ZIP
2025/09/15 11:38:10 Worker 1 processing: 20031016-SUPP.ZIP
2025/09/15 11:38:10 Processed 32 nested ZIPs with 0 XML files in 20031016-SUPP.ZIP
2025/09/15 11:38:10 Worker 1 processing: 20031016.ZIP
2025/09/15 11:38:10 ========== STATISTICS ==========
2025/09/15 11:38:10 Archives processed: 212
2025/09/15 11:38:10 Patents extracted: 418286
2025/09/15 11:38:10 Patents inserted: 327197
2025/09/15 11:38:10 Errors: 0
2025/09/15 11:38:10 Time elapsed: 0.63 hours
2025/09/15 11:38:10 Rate: 665813 patents/hour
2025/09/15 11:38:10 ================================
2025/09/15 11:38:13 Current total patents in database: 8100601
2025/09/15 11:38:14 Successfully inserted 4465 out of 4465 patents
2025/09/15 11:38:15 Processed 4669 nested ZIPs with 4669 XML files in 20030828.ZIP
2025/09/15 11:38:15 Worker 4 processing: 20031023-SUPP.ZIP
2025/09/15 11:38:15 Processed 34 nested ZIPs with 0 XML files in 20031023-SUPP.ZIP
2025/09/15 11:38:15 Worker 4 processing: 20031023.ZIP
2025/09/15 11:38:16 Processed 1698 nested ZIPs with 1698 XML files in 20030925B.ZIP
2025/09/15 11:38:16 Worker 0 processing: 20031030-SUPP.ZIP
2025/09/15 11:38:17 Processed 33 nested ZIPs with 0 XML files in 20031030-SUPP.ZIP
2025/09/15 11:38:17 Worker 0 processing: 20031030.ZIP
2025/09/15 11:38:26 Successfully inserted 4508 out of 4508 patents
2025/09/15 11:38:36 Successfully inserted 3743 out of 3743 patents
2025/09/15 11:38:39 Processed 3445 nested ZIPs with 3445 XML files in 20030925A.ZIP
2025/09/15 11:38:39 Worker 3 processing: 20031106-SUPP.ZIP
2025/09/15 11:38:39 Processed 68 nested ZIPs with 0 XML files in 20031106-SUPP.ZIP
2025/09/15 11:38:39 Worker 3 processing: 20031106A.ZIP
2025/09/15 11:38:40 ========== STATISTICS ==========
2025/09/15 11:38:40 Archives processed: 218
2025/09/15 11:38:40 Patents extracted: 428098
2025/09/15 11:38:40 Patents inserted: 339913
2025/09/15 11:38:40 Errors: 0
2025/09/15 11:38:40 Time elapsed: 0.64 hours
2025/09/15 11:38:40 Rate: 672511 patents/hour
2025/09/15 11:38:40 ================================
2025/09/15 11:38:42 Current total patents in database: 8100601
2025/09/15 11:38:44 Processed 4881 nested ZIPs with 4881 XML files in 20030911.ZIP
2025/09/15 11:38:44 Worker 7 processing: 20031106B.ZIP
2025/09/15 11:38:47 Successfully inserted 3850 out of 3850 patents
2025/09/15 11:38:59 Successfully inserted 4404 out of 4404 patents
2025/09/15 11:38:59 Processed 5130 nested ZIPs with 5130 XML files in 20030918.ZIP
2025/09/15 11:38:59 Worker 6 processing: 20031113-SUPP.ZIP
2025/09/15 11:39:00 Processed 7 nested ZIPs with 0 XML files in 20031113-SUPP.ZIP
2025/09/15 11:39:00 Worker 6 processing: 20031113.ZIP
2025/09/15 11:39:10 Successfully inserted 3798 out of 3798 patents
2025/09/15 11:39:10 ========== STATISTICS ==========
2025/09/15 11:39:10 Archives processed: 221
2025/09/15 11:39:10 Patents extracted: 438109
2025/09/15 11:39:10 Patents inserted: 351965
2025/09/15 11:39:10 Errors: 0
2025/09/15 11:39:10 Time elapsed: 0.64 hours
2025/09/15 11:39:10 Rate: 679344 patents/hour
2025/09/15 11:39:10 ================================
2025/09/15 11:39:13 Current total patents in database: 8100601
2025/09/15 11:39:17 Processed 2127 nested ZIPs with 2127 XML files in 20031106A.ZIP
2025/09/15 11:39:17 Worker 3 processing: 20031120-SUPP.ZIP
2025/09/15 11:39:17 Processed 15 nested ZIPs with 0 XML files in 20031120-SUPP.ZIP
2025/09/15 11:39:17 Worker 3 processing: 20031120.ZIP
2025/09/15 11:39:20 Processed 3734 nested ZIPs with 3734 XML files in 20031009.ZIP
2025/09/15 11:39:20 Worker 5 processing: 20031127-SUPP.ZIP
2025/09/15 11:39:20 Processed 11 nested ZIPs with 0 XML files in 20031127-SUPP.ZIP
2025/09/15 11:39:20 Worker 5 processing: 20031127.ZIP
2025/09/15 11:39:34 Processed 5664 nested ZIPs with 5664 XML files in 20031002.ZIP
2025/09/15 11:39:34 Worker 2 processing: 20031204-SUPP.ZIP
2025/09/15 11:39:34 Processed 10 nested ZIPs with 0 XML files in 20031204-SUPP.ZIP
2025/09/15 11:39:34 Worker 2 processing: 20031204.ZIP
2025/09/15 11:39:34 Successfully inserted 4950 out of 4950 patents
2025/09/15 11:39:40 ========== STATISTICS ==========
2025/09/15 11:39:40 Archives processed: 227
2025/09/15 11:39:40 Patents extracted: 449634
2025/09/15 11:39:40 Patents inserted: 356915
2025/09/15 11:39:40 Errors: 0
2025/09/15 11:39:40 Time elapsed: 0.65 hours
2025/09/15 11:39:40 Rate: 688320 patents/hour
2025/09/15 11:39:40 ================================
2025/09/15 11:39:41 Processed 4137 nested ZIPs with 4137 XML files in 20031016.ZIP
2025/09/15 11:39:41 Worker 1 processing: 20031211-SUPP.ZIP
2025/09/15 11:39:41 Processed 6 nested ZIPs with 0 XML files in 20031211-SUPP.ZIP
2025/09/15 11:39:41 Worker 1 processing: 20031211.ZIP
2025/09/15 11:39:42 Current total patents in database: 8100601
2025/09/15 11:39:44 Processed 1807 nested ZIPs with 1807 XML files in 20031106B.ZIP
2025/09/15 11:39:44 Worker 7 processing: 20031218-SUPP.ZIP
2025/09/15 11:39:44 Processed 4 nested ZIPs with 0 XML files in 20031218-SUPP.ZIP
2025/09/15 11:39:44 Worker 7 processing: 20031218.ZIP
2025/09/15 11:39:44 Processed 4302 nested ZIPs with 4302 XML files in 20031030.ZIP
2025/09/15 11:39:44 Worker 0 processing: 20031225-SUPP.ZIP
2025/09/15 11:39:46 Successfully inserted 4422 out of 4422 patents
2025/09/15 11:39:46 Processed 8 nested ZIPs with 7 XML files in 20031225-SUPP.ZIP
2025/09/15 11:39:46 Worker 0 processing: 20031225.ZIP
2025/09/15 11:39:51 Processed 4350 nested ZIPs with 4350 XML files in 20031023.ZIP
2025/09/15 11:39:51 Worker 4 processing: 20040101-SUPP.ZIP
2025/09/15 11:39:51 Processed 3 nested ZIPs with 0 XML files in 20040101-SUPP.ZIP
2025/09/15 11:39:51 Worker 4 processing: 20040101.ZIP
2025/09/15 11:39:58 Successfully inserted 5103 out of 5103 patents
2025/09/15 11:40:10 ========== STATISTICS ==========
2025/09/15 11:40:10 Archives processed: 235
2025/09/15 11:40:10 Patents extracted: 464237
2025/09/15 11:40:10 Patents inserted: 366440
2025/09/15 11:40:10 Errors: 0
2025/09/15 11:40:10 Time elapsed: 0.66 hours
2025/09/15 11:40:10 Rate: 701724 patents/hour
2025/09/15 11:40:10 ================================
2025/09/15 11:40:11 Successfully inserted 4625 out of 4625 patents
2025/09/15 11:40:13 Current total patents in database: 8100601
2025/09/15 11:40:19 Processed 4214 nested ZIPs with 4214 XML files in 20031113.ZIP
2025/09/15 11:40:19 Worker 6 processing: 20040108-SUPP.ZIP
2025/09/15 11:40:19 Processed 16 nested ZIPs with 0 XML files in 20040108-SUPP.ZIP
2025/09/15 11:40:19 Worker 6 processing: 20040108.ZIP
2025/09/15 11:40:24 Successfully inserted 5436 out of 5436 patents
2025/09/15 11:40:36 Successfully inserted 4728 out of 4728 patents
2025/09/15 11:40:38 Processed 3831 nested ZIPs with 3831 XML files in 20031127.ZIP
2025/09/15 11:40:38 Worker 5 processing: 20040115-SUPP.ZIP
2025/09/15 11:40:38 Processed 14 nested ZIPs with 0 XML files in 20040115-SUPP.ZIP
2025/09/15 11:40:38 Worker 5 processing: 20040115.ZIP
2025/09/15 11:40:40 ========== STATISTICS ==========
2025/09/15 11:40:40 Archives processed: 239
2025/09/15 11:40:40 Patents extracted: 472282
2025/09/15 11:40:40 Patents inserted: 381229
2025/09/15 11:40:40 Errors: 0
2025/09/15 11:40:40 Time elapsed: 0.67 hours
2025/09/15 11:40:40 Rate: 705004 patents/hour
2025/09/15 11:40:40 ================================
2025/09/15 11:40:43 Current total patents in database: 8100601
2025/09/15 11:40:45 Processed 4361 nested ZIPs with 4361 XML files in 20031120.ZIP
2025/09/15 11:40:45 Worker 3 processing: 20040122-SUPP.ZIP
2025/09/15 11:40:46 Processed 12 nested ZIPs with 0 XML files in 20040122-SUPP.ZIP
2025/09/15 11:40:46 Worker 3 processing: 20040122.ZIP
2025/09/15 11:40:48 Successfully inserted 4484 out of 4484 patents
2025/09/15 11:40:52 Processed 3430 nested ZIPs with 3430 XML files in 20031225.ZIP
2025/09/15 11:40:52 Worker 0 processing: 20040129-SUPP.ZIP
2025/09/15 11:40:53 Processed 10 nested ZIPs with 0 XML files in 20040129-SUPP.ZIP
2025/09/15 11:40:53 Worker 0 processing: 20040129.ZIP
2025/09/15 11:40:55 Processed 3742 nested ZIPs with 3742 XML files in 20031211.ZIP
2025/09/15 11:40:55 Worker 1 processing: 20040205-SUPP.ZIP
2025/09/15 11:40:55 Processed 7 nested ZIPs with 0 XML files in 20040205-SUPP.ZIP
2025/09/15 11:40:55 Worker 1 processing: 20040205.ZIP
2025/09/15 11:40:55 Processed 3442 nested ZIPs with 3442 XML files in 20040101.ZIP
2025/09/15 11:40:55 Worker 4 processing: 20040212-SUPP.ZIP
2025/09/15 11:40:55 Processed 11 nested ZIPs with 0 XML files in 20040212-SUPP.ZIP
2025/09/15 11:40:55 Worker 4 processing: 20040212.ZIP
2025/09/15 11:40:57 Processed 3764 nested ZIPs with 3764 XML files in 20031218.ZIP
2025/09/15 11:40:57 Worker 7 processing: 20040219-SUPP.ZIP
2025/09/15 11:40:57 Processed 9 nested ZIPs with 0 XML files in 20040219-SUPP.ZIP
2025/09/15 11:40:57 Worker 7 processing: 20040219.ZIP
2025/09/15 11:41:00 Successfully inserted 4514 out of 4514 patents
2025/09/15 11:41:10 ========== STATISTICS ==========
2025/09/15 11:41:10 Archives processed: 249
2025/09/15 11:41:10 Patents extracted: 491021
2025/09/15 11:41:10 Patents inserted: 390227
2025/09/15 11:41:10 Errors: 0
2025/09/15 11:41:10 Time elapsed: 0.68 hours
2025/09/15 11:41:10 Rate: 723971 patents/hour
2025/09/15 11:41:10 ================================
2025/09/15 11:41:12 Processed 4953 nested ZIPs with 4953 XML files in 20031204.ZIP
2025/09/15 11:41:12 Worker 2 processing: 20040226-SUPP.ZIP
2025/09/15 11:41:12 Processed 8 nested ZIPs with 0 XML files in 20040226-SUPP.ZIP
2025/09/15 11:41:12 Worker 2 processing: 20040226.ZIP
2025/09/15 11:41:13 Current total patents in database: 8100601
2025/09/15 11:41:14 Successfully inserted 5575 out of 5575 patents
2025/09/15 11:41:27 Successfully inserted 4975 out of 4975 patents
2025/09/15 11:41:35 Processed 3358 nested ZIPs with 3358 XML files in 20040108.ZIP
2025/09/15 11:41:35 Worker 6 processing: 20040304-SUPP.ZIP
2025/09/15 11:41:35 Processed 10 nested ZIPs with 0 XML files in 20040304-SUPP.ZIP
2025/09/15 11:41:35 Worker 6 processing: 20040304.ZIP
2025/09/15 11:41:38 Successfully inserted 4492 out of 4492 patents
2025/09/15 11:41:40 ========== STATISTICS ==========
2025/09/15 11:41:40 Archives processed: 253
2025/09/15 11:41:40 Patents extracted: 499332
2025/09/15 11:41:40 Patents inserted: 405269
2025/09/15 11:41:40 Errors: 0
2025/09/15 11:41:40 Time elapsed: 0.69 hours
2025/09/15 11:41:40 Rate: 727288 patents/hour
2025/09/15 11:41:40 ================================
2025/09/15 11:41:43 Current total patents in database: 8100601
2025/09/15 11:41:51 Successfully inserted 4673 out of 4673 patents
2025/09/15 11:41:57 Successfully inserted 2141 out of 2141 patents
2025/09/15 11:42:03 Processed 4028 nested ZIPs with 4028 XML files in 20040115.ZIP
2025/09/15 11:42:03 Worker 5 processing: 20040311-SUPP.ZIP
2025/09/15 11:42:03 Processed 8 nested ZIPs with 0 XML files in 20040311-SUPP.ZIP
2025/09/15 11:42:03 Worker 5 processing: 20040311.ZIP
2025/09/15 11:42:03 Successfully inserted 1546 out of 1546 patents
2025/09/15 11:42:10 ========== STATISTICS ==========
2025/09/15 11:42:10 Archives processed: 255
2025/09/15 11:42:10 Patents extracted: 503360
2025/09/15 11:42:10 Patents inserted: 413629
2025/09/15 11:42:10 Errors: 0
2025/09/15 11:42:10 Time elapsed: 0.69 hours
2025/09/15 11:42:10 Rate: 724363 patents/hour
2025/09/15 11:42:10 ================================
2025/09/15 11:42:10 Processed 3816 nested ZIPs with 3816 XML files in 20040219.ZIP
2025/09/15 11:42:10 Worker 7 processing: 20040318-SUPP.ZIP
2025/09/15 11:42:11 Processed 11 nested ZIPs with 0 XML files in 20040318-SUPP.ZIP
2025/09/15 11:42:11 Worker 7 processing: 20040318.ZIP
2025/09/15 11:42:11 Processed 3912 nested ZIPs with 3912 XML files in 20040129.ZIP
2025/09/15 11:42:11 Worker 0 processing: 20040325-SUPP.ZIP
2025/09/15 11:42:11 Processed 2 nested ZIPs with 0 XML files in 20040325-SUPP.ZIP
2025/09/15 11:42:11 Worker 0 processing: 20040325.ZIP
2025/09/15 11:42:12 Current total patents in database: 8100601
2025/09/15 11:42:17 Successfully inserted 4657 out of 4657 patents
2025/09/15 11:42:21 Processed 5203 nested ZIPs with 5203 XML files in 20040122.ZIP
2025/09/15 11:42:21 Worker 3 processing: 20040401-SUPP.ZIP
2025/09/15 11:42:21 Processed 1 nested ZIPs with 0 XML files in 20040401-SUPP.ZIP
2025/09/15 11:42:21 Worker 3 processing: 20040401.ZIP
2025/09/15 11:42:28 Successfully inserted 4669 out of 4669 patents
2025/09/15 11:42:33 Successfully inserted 1698 out of 1698 patents
2025/09/15 11:42:37 Processed 5258 nested ZIPs with 5258 XML files in 20040205.ZIP
2025/09/15 11:42:37 Worker 1 processing: 20040408-SUPP.ZIP
2025/09/15 11:42:37 Processed 5 nested ZIPs with 0 XML files in 20040408-SUPP.ZIP
2025/09/15 11:42:37 Worker 1 processing: 20040408.ZIP
2025/09/15 11:42:40 ========== STATISTICS ==========
2025/09/15 11:42:40 Archives processed: 263
2025/09/15 11:42:40 Patents extracted: 521549
2025/09/15 11:42:40 Patents inserted: 424653
2025/09/15 11:42:40 Errors: 0
2025/09/15 11:42:40 Time elapsed: 0.70 hours
2025/09/15 11:42:40 Rate: 741644 patents/hour
2025/09/15 11:42:40 ================================
2025/09/15 11:42:40 Processed 5863 nested ZIPs with 5863 XML files in 20040212.ZIP
2025/09/15 11:42:40 Worker 4 processing: 20040415-SUPP.ZIP
2025/09/15 11:42:40 Processed 6 nested ZIPs with 0 XML files in 20040415-SUPP.ZIP
2025/09/15 11:42:40 Worker 4 processing: 20040415.ZIP
2025/09/15 11:42:42 Successfully inserted 3445 out of 3445 patents
2025/09/15 11:42:43 Current total patents in database: 8100601
2025/09/15 11:42:52 Processed 5166 nested ZIPs with 5166 XML files in 20040226.ZIP
2025/09/15 11:42:52 Worker 2 processing: 20040422-SUPP.ZIP
2025/09/15 11:42:52 Processed 8 nested ZIPs with 0 XML files in 20040422-SUPP.ZIP
2025/09/15 11:42:52 Worker 2 processing: 20040422.ZIP
2025/09/15 11:42:57 Successfully inserted 4881 out of 4881 patents
2025/09/15 11:43:10 ========== STATISTICS ==========
2025/09/15 11:43:10 Archives processed: 267
2025/09/15 11:43:10 Patents extracted: 532578
2025/09/15 11:43:10 Patents inserted: 432979
2025/09/15 11:43:10 Errors: 0
2025/09/15 11:43:10 Time elapsed: 0.71 hours
2025/09/15 11:43:10 Rate: 748458 patents/hour
2025/09/15 11:43:10 ================================
2025/09/15 11:43:12 Successfully inserted 5130 out of 5130 patents
2025/09/15 11:43:13 Current total patents in database: 8100601
2025/09/15 11:43:14 Processed 5006 nested ZIPs with 5006 XML files in 20040304.ZIP
2025/09/15 11:43:14 Worker 6 processing: 20040429-SUPP.ZIP
2025/09/15 11:43:14 Processed 2 nested ZIPs with 0 XML files in 20040429-SUPP.ZIP
2025/09/15 11:43:14 Worker 6 processing: 20040429.ZIP
2025/09/15 11:43:21 Successfully inserted 2127 out of 2127 patents
2025/09/15 11:43:34 Processed 4754 nested ZIPs with 4754 XML files in 20040311.ZIP
2025/09/15 11:43:34 Worker 5 processing: 20040506-SUPP.ZIP
2025/09/15 11:43:34 Processed 4 nested ZIPs with 0 XML files in 20040506-SUPP.ZIP
2025/09/15 11:43:34 Worker 5 processing: 20040506.ZIP
2025/09/15 11:43:38 Successfully inserted 3734 out of 3734 patents
2025/09/15 11:43:39 Processed 5023 nested ZIPs with 5023 XML files in 20040325.ZIP
2025/09/15 11:43:39 Worker 0 processing: 20040513-SUPP.ZIP
2025/09/15 11:43:39 Processed 2 nested ZIPs with 0 XML files in 20040513-SUPP.ZIP
2025/09/15 11:43:39 Worker 0 processing: 20040513.ZIP
2025/09/15 11:43:40 ========== STATISTICS ==========
2025/09/15 11:43:40 Archives processed: 273
2025/09/15 11:43:40 Patents extracted: 547361
2025/09/15 11:43:40 Patents inserted: 443970
2025/09/15 11:43:40 Errors: 0
2025/09/15 11:43:40 Time elapsed: 0.72 hours
2025/09/15 11:43:40 Rate: 760329 patents/hour
2025/09/15 11:43:40 ================================
2025/09/15 11:43:43 Current total patents in database: 8100601
2025/09/15 11:43:46 Processed 3912 nested ZIPs with 3912 XML files in 20040408.ZIP
2025/09/15 11:43:46 Worker 1 processing: 20040520-SUPP.ZIP
2025/09/15 11:43:46 Processed 1 nested ZIPs with 0 XML files in 20040520-SUPP.ZIP
2025/09/15 11:43:46 Worker 1 processing: 20040520.ZIP
2025/09/15 11:43:53 Processed 4775 nested ZIPs with 4775 XML files in 20040401.ZIP
2025/09/15 11:43:53 Worker 3 processing: 20040527-SUPP.ZIP
2025/09/15 11:43:53 Processed 6 nested ZIPs with 0 XML files in 20040527-SUPP.ZIP
2025/09/15 11:43:53 Worker 3 processing: 20040527.ZIP
2025/09/15 11:43:54 Processed 5242 nested ZIPs with 5242 XML files in 20040318.ZIP
2025/09/15 11:43:54 Worker 7 processing: 20040603-SUPP.ZIP
2025/09/15 11:43:54 Processed 1 nested ZIPs with 0 XML files in 20040603-SUPP.ZIP
2025/09/15 11:43:54 Worker 7 processing: 20040603.ZIP
2025/09/15 11:43:54 Successfully inserted 5664 out of 5664 patents
2025/09/15 11:44:06 Successfully inserted 4137 out of 4137 patents
2025/09/15 11:44:10 ========== STATISTICS ==========
2025/09/15 11:44:10 Archives processed: 279
2025/09/15 11:44:10 Patents extracted: 561290
2025/09/15 11:44:10 Patents inserted: 453771
2025/09/15 11:44:10 Errors: 0
2025/09/15 11:44:10 Time elapsed: 0.73 hours
2025/09/15 11:44:10 Rate: 770756 patents/hour
2025/09/15 11:44:10 ================================
2025/09/15 11:44:12 Successfully inserted 1807 out of 1807 patents
2025/09/15 11:44:13 Current total patents in database: 8100601
2025/09/15 11:44:15 Processed 5204 nested ZIPs with 5204 XML files in 20040415.ZIP
2025/09/15 11:44:15 Worker 4 processing: 20040610-SUPP.ZIP
2025/09/15 11:44:15 Processed 6 nested ZIPs with 0 XML files in 20040610-SUPP.ZIP
2025/09/15 11:44:15 Worker 4 processing: 20040610.ZIP
2025/09/15 11:44:20 Processed 4874 nested ZIPs with 4874 XML files in 20040422.ZIP
2025/09/15 11:44:20 Worker 2 processing: 20040617-SUPP.ZIP
2025/09/15 11:44:20 Processed 4 nested ZIPs with 0 XML files in 20040617-SUPP.ZIP
2025/09/15 11:44:20 Worker 2 processing: 20040617.ZIP
2025/09/15 11:44:24 Successfully inserted 4302 out of 4302 patents
2025/09/15 11:44:24 Successfully inserted 7 out of 7 patents
2025/09/15 11:44:37 Successfully inserted 4350 out of 4350 patents
2025/09/15 11:44:39 Processed 4666 nested ZIPs with 4666 XML files in 20040429.ZIP
2025/09/15 11:44:39 Worker 6 processing: 20040624-SUPP.ZIP
2025/09/15 11:44:40 Processed 7 nested ZIPs with 0 XML files in 20040624-SUPP.ZIP
2025/09/15 11:44:40 Worker 6 processing: 20040624.ZIP
2025/09/15 11:44:40 ========== STATISTICS ==========
2025/09/15 11:44:40 Archives processed: 285
2025/09/15 11:44:40 Patents extracted: 576034
2025/09/15 11:44:40 Patents inserted: 464237
2025/09/15 11:44:40 Errors: 0
2025/09/15 11:44:40 Time elapsed: 0.74 hours
2025/09/15 11:44:40 Rate: 782053 patents/hour
2025/09/15 11:44:40 ================================
2025/09/15 11:44:43 Current total patents in database: 8100601
2025/09/15 11:44:49 Successfully inserted 4214 out of 4214 patents
2025/09/15 11:45:00 Successfully inserted 3831 out of 3831 patents
2025/09/15 11:45:08 Processed 4882 nested ZIPs with 4882 XML files in 20040513.ZIP
2025/09/15 11:45:08 Worker 0 processing: 20040701-SUPP.ZIP
2025/09/15 11:45:08 Processed 3 nested ZIPs with 0 XML files in 20040701-SUPP.ZIP
2025/09/15 11:45:08 Worker 0 processing: 20040701.ZIP
2025/09/15 11:45:09 Processed 5246 nested ZIPs with 5246 XML files in 20040506.ZIP
2025/09/15 11:45:09 Worker 5 processing: 20040708-SUPP.ZIP
2025/09/15 11:45:09 Processed 1 nested ZIPs with 0 XML files in 20040708-SUPP.ZIP
2025/09/15 11:45:09 Worker 5 processing: 20040708.ZIP
2025/09/15 11:45:09 Processed 4007 nested ZIPs with 4007 XML files in 20040603.ZIP
2025/09/15 11:45:09 Worker 7 processing: 20040715-SUPP.ZIP
2025/09/15 11:45:09 Processed 1 nested ZIPs with 0 XML files in 20040715-SUPP.ZIP
2025/09/15 11:45:09 Worker 7 processing: 20040715.ZIP
2025/09/15 11:45:10 ========== STATISTICS ==========
2025/09/15 11:45:10 Archives processed: 291
2025/09/15 11:45:10 Patents extracted: 590169
2025/09/15 11:45:10 Patents inserted: 472282
2025/09/15 11:45:10 Errors: 0
2025/09/15 11:45:10 Time elapsed: 0.74 hours
2025/09/15 11:45:10 Rate: 792279 patents/hour
2025/09/15 11:45:10 ================================
2025/09/15 11:45:12 Successfully inserted 4361 out of 4361 patents
2025/09/15 11:45:13 Current total patents in database: 8100601
2025/09/15 11:45:19 Processed 4685 nested ZIPs with 4685 XML files in 20040527.ZIP
2025/09/15 11:45:19 Worker 3 processing: 20040722-SUPP.ZIP
2025/09/15 11:45:19 Processed 1 nested ZIPs with 0 XML files in 20040722-SUPP.ZIP
2025/09/15 11:45:19 Worker 3 processing: 20040722.ZIP
2025/09/15 11:45:21 Successfully inserted 3430 out of 3430 patents
2025/09/15 11:45:22 Processed 5127 nested ZIPs with 5127 XML files in 20040520.ZIP
2025/09/15 11:45:22 Worker 1 processing: 20040729-SUPP.ZIP
2025/09/15 11:45:22 Processed 3 nested ZIPs with 0 XML files in 20040729-SUPP.ZIP
2025/09/15 11:45:22 Worker 1 processing: 20040729.ZIP
2025/09/15 11:45:32 Successfully inserted 3742 out of 3742 patents
2025/09/15 11:45:34 Processed 4306 nested ZIPs with 4306 XML files in 20040610.ZIP
2025/09/15 11:45:34 Worker 4 processing: 20040805.ZIP
2025/09/15 11:45:40 ========== STATISTICS ==========
2025/09/15 11:45:40 Archives processed: 296
2025/09/15 11:45:40 Patents extracted: 604287
2025/09/15 11:45:40 Patents inserted: 483815
2025/09/15 11:45:40 Errors: 0
2025/09/15 11:45:40 Time elapsed: 0.75 hours
2025/09/15 11:45:40 Rate: 802257 patents/hour
2025/09/15 11:45:40 ================================
2025/09/15 11:45:41 Successfully inserted 3442 out of 3442 patents
2025/09/15 11:45:43 Current total patents in database: 8100601
2025/09/15 11:45:51 Successfully inserted 3764 out of 3764 patents
2025/09/15 11:46:04 Successfully inserted 4953 out of 4953 patents
2025/09/15 11:46:08 Processed 6109 nested ZIPs with 6109 XML files in 20040617.ZIP
2025/09/15 11:46:08 Worker 2 processing: 20040812-SUPP.ZIP
2025/09/15 11:46:08 Processed 2 nested ZIPs with 0 XML files in 20040812-SUPP.ZIP
2025/09/15 11:46:08 Worker 2 processing: 20040812.ZIP
2025/09/15 11:46:10 ========== STATISTICS ==========
2025/09/15 11:46:10 Archives processed: 298
2025/09/15 11:46:10 Patents extracted: 610396
2025/09/15 11:46:10 Patents inserted: 495974
2025/09/15 11:46:10 Errors: 0
2025/09/15 11:46:10 Time elapsed: 0.76 hours
2025/09/15 11:46:10 Rate: 801500 patents/hour
2025/09/15 11:46:10 ================================
2025/09/15 11:46:13 Current total patents in database: 8100601
2025/09/15 11:46:14 Successfully inserted 3358 out of 3358 patents
2025/09/15 11:46:14 Processed 5477 nested ZIPs with 5477 XML files in 20040624.ZIP
2025/09/15 11:46:14 Worker 6 processing: 20040819-SUPP.ZIP
2025/09/15 11:46:14 Processed 2 nested ZIPs with 0 XML files in 20040819-SUPP.ZIP
2025/09/15 11:46:14 Worker 6 processing: 20040819.ZIP
2025/09/15 11:46:25 Successfully inserted 4028 out of 4028 patents
2025/09/15 11:46:34 Successfully inserted 3816 out of 3816 patents
2025/09/15 11:46:40 ========== STATISTICS ==========
2025/09/15 11:46:40 Archives processed: 300
2025/09/15 11:46:40 Patents extracted: 615873
2025/09/15 11:46:40 Patents inserted: 507176
2025/09/15 11:46:40 Errors: 0
2025/09/15 11:46:40 Time elapsed: 0.77 hours
2025/09/15 11:46:40 Rate: 799939 patents/hour
2025/09/15 11:46:40 ================================
2025/09/15 11:46:43 Current total patents in database: 8100601
2025/09/15 11:46:43 Processed 4353 nested ZIPs with 4353 XML files in 20040722.ZIP
2025/09/15 11:46:43 Worker 3 processing: 20040826-SUPP.ZIP
2025/09/15 11:46:43 Processed 3 nested ZIPs with 0 XML files in 20040826-SUPP.ZIP
2025/09/15 11:46:43 Worker 3 processing: 20040826.ZIP
2025/09/15 11:46:45 Successfully inserted 3912 out of 3912 patents
2025/09/15 11:46:45 Processed 5228 nested ZIPs with 5228 XML files in 20040708.ZIP
2025/09/15 11:46:45 Worker 5 processing: 20040902-SUPP.ZIP
2025/09/15 11:46:45 Processed 4 nested ZIPs with 0 XML files in 20040902-SUPP.ZIP
2025/09/15 11:46:45 Worker 5 processing: 20040902.ZIP
2025/09/15 11:46:45 Processed 5363 nested ZIPs with 5363 XML files in 20040701.ZIP
2025/09/15 11:46:45 Worker 0 processing: 20040909-SUPP.ZIP
2025/09/15 11:46:45 Processed 5 nested ZIPs with 0 XML files in 20040909-SUPP.ZIP
2025/09/15 11:46:45 Worker 0 processing: 20040909.ZIP
2025/09/15 11:46:49 Processed 4793 nested ZIPs with 4793 XML files in 20040729.ZIP
2025/09/15 11:46:49 Worker 1 processing: 20040916-SUPP.ZIP
2025/09/15 11:46:49 Processed 4 nested ZIPs with 0 XML files in 20040916-SUPP.ZIP
2025/09/15 11:46:49 Worker 1 processing: 20040916.ZIP
2025/09/15 11:46:49 Processed 5566 nested ZIPs with 5566 XML files in 20040715.ZIP
2025/09/15 11:46:49 Worker 7 processing: 20040923.ZIP
2025/09/15 11:46:58 Successfully inserted 5203 out of 5203 patents
2025/09/15 11:47:07 Processed 5392 nested ZIPs with 5392 XML files in 20040805.ZIP
2025/09/15 11:47:07 Worker 4 processing: 20040930-SUPP.ZIP
2025/09/15 11:47:07 Processed 2 nested ZIPs with 0 XML files in 20040930-SUPP.ZIP
2025/09/15 11:47:07 Worker 4 processing: 20040930.ZIP
2025/09/15 11:47:10 ========== STATISTICS ==========
2025/09/15 11:47:10 Archives processed: 311
2025/09/15 11:47:10 Patents extracted: 646568
2025/09/15 11:47:10 Patents inserted: 516291
2025/09/15 11:47:10 Errors: 0
2025/09/15 11:47:10 Time elapsed: 0.78 hours
2025/09/15 11:47:10 Rate: 830815 patents/hour
2025/09/15 11:47:10 ================================
2025/09/15 11:47:12 Successfully inserted 5258 out of 5258 patents
2025/09/15 11:47:12 Current total patents in database: 8100601
2025/09/15 11:47:27 Successfully inserted 5863 out of 5863 patents
2025/09/15 11:47:28 Processed 4243 nested ZIPs with 4243 XML files in 20040819.ZIP
2025/09/15 11:47:28 Worker 6 processing: 20041007-SUPP.ZIP
2025/09/15 11:47:28 Processed 7 nested ZIPs with 0 XML files in 20041007-SUPP.ZIP
2025/09/15 11:47:28 Worker 6 processing: 20041007.ZIP
2025/09/15 11:47:32 Processed 4840 nested ZIPs with 4840 XML files in 20040812.ZIP
2025/09/15 11:47:32 Worker 2 processing: 20041014-SUPP.ZIP
2025/09/15 11:47:32 Processed 2 nested ZIPs with 0 XML files in 20041014-SUPP.ZIP
2025/09/15 11:47:32 Worker 2 processing: 20041014.ZIP
2025/09/15 11:47:40 ========== STATISTICS ==========
2025/09/15 11:47:40 Archives processed: 315
2025/09/15 11:47:40 Patents extracted: 655651
2025/09/15 11:47:40 Patents inserted: 527412
2025/09/15 11:47:40 Errors: 0
2025/09/15 11:47:40 Time elapsed: 0.79 hours
2025/09/15 11:47:40 Rate: 833560 patents/hour
2025/09/15 11:47:40 ================================
2025/09/15 11:47:44 Current total patents in database: 8100601
2025/09/15 11:47:51 Successfully inserted 5166 out of 5166 patents
2025/09/15 11:48:03 Successfully inserted 5006 out of 5006 patents
2025/09/15 11:48:09 Processed 4485 nested ZIPs with 4485 XML files in 20040902.ZIP
2025/09/15 11:48:09 Worker 5 processing: 20041021-SUPP.ZIP
2025/09/15 11:48:09 Processed 1 nested ZIPs with 0 XML files in 20041021-SUPP.ZIP
2025/09/15 11:48:09 Worker 5 processing: 20041021.ZIP
2025/09/15 11:48:09 Processed 5089 nested ZIPs with 5089 XML files in 20040826.ZIP
2025/09/15 11:48:09 Worker 3 processing: 20041028-SUPP.ZIP
2025/09/15 11:48:10 Processed 4415 nested ZIPs with 4415 XML files in 20040916.ZIP
2025/09/15 11:48:10 Worker 1 processing: 20041028.ZIP
2025/09/15 11:48:10 Processed 10 nested ZIPs with 0 XML files in 20041028-SUPP.ZIP
2025/09/15 11:48:10 Worker 3 processing: 20041104-SUPP.ZIP
2025/09/15 11:48:10 Processed 5 nested ZIPs with 0 XML files in 20041104-SUPP.ZIP
2025/09/15 11:48:10 Worker 3 processing: 20041104.ZIP
2025/09/15 11:48:10 Processed 4692 nested ZIPs with 4692 XML files in 20040909.ZIP
2025/09/15 11:48:10 Worker 0 processing: 20041111-SUPP.ZIP
2025/09/15 11:48:10 Processed 2 nested ZIPs with 0 XML files in 20041111-SUPP.ZIP
2025/09/15 11:48:10 Worker 0 processing: 20041111.ZIP
2025/09/15 11:48:10 ========== STATISTICS ==========
2025/09/15 11:48:10 Archives processed: 323
2025/09/15 11:48:10 Patents extracted: 674332
2025/09/15 11:48:10 Patents inserted: 537584
2025/09/15 11:48:10 Errors: 0
2025/09/15 11:48:10 Time elapsed: 0.79 hours
2025/09/15 11:48:10 Rate: 848323 patents/hour
2025/09/15 11:48:10 ================================
2025/09/15 11:48:13 Current total patents in database: 8100601
2025/09/15 11:48:15 Successfully inserted 4754 out of 4754 patents
2025/09/15 11:48:26 Processed 5341 nested ZIPs with 5341 XML files in 20040923.ZIP
2025/09/15 11:48:26 Worker 7 processing: 20041118-SUPP.ZIP
2025/09/15 11:48:26 Processed 5 nested ZIPs with 0 XML files in 20041118-SUPP.ZIP
2025/09/15 11:48:26 Worker 7 processing: 20041118.ZIP
2025/09/15 11:48:28 Successfully inserted 5023 out of 5023 patents
2025/09/15 11:48:38 Successfully inserted 3912 out of 3912 patents
2025/09/15 11:48:40 ========== STATISTICS ==========
2025/09/15 11:48:40 Archives processed: 325
2025/09/15 11:48:40 Patents extracted: 679673
2025/09/15 11:48:40 Patents inserted: 551273
2025/09/15 11:48:40 Errors: 0
2025/09/15 11:48:40 Time elapsed: 0.80 hours
2025/09/15 11:48:40 Rate: 846171 patents/hour
2025/09/15 11:48:40 ================================
2025/09/15 11:48:43 Current total patents in database: 8100601
2025/09/15 11:48:50 Successfully inserted 4775 out of 4775 patents
2025/09/15 11:49:04 Successfully inserted 5242 out of 5242 patents
2025/09/15 11:49:04 Processed 7004 nested ZIPs with 7004 XML files in 20040930.ZIP
2025/09/15 11:49:04 Worker 4 processing: 20041125-SUPP.ZIP
2025/09/15 11:49:04 Processed 9 nested ZIPs with 0 XML files in 20041125-SUPP.ZIP
2025/09/15 11:49:04 Worker 4 processing: 20041125.ZIP
2025/09/15 11:49:10 ========== STATISTICS ==========
2025/09/15 11:49:10 Archives processed: 327
2025/09/15 11:49:10 Patents extracted: 686677
2025/09/15 11:49:10 Patents inserted: 561290
2025/09/15 11:49:10 Errors: 0
2025/09/15 11:49:10 Time elapsed: 0.81 hours
2025/09/15 11:49:10 Rate: 846113 patents/hour
2025/09/15 11:49:10 ================================
2025/09/15 11:49:12 Processed 5785 nested ZIPs with 5785 XML files in 20041007.ZIP
2025/09/15 11:49:12 Worker 6 processing: 20041202-SUPP.ZIP
2025/09/15 11:49:12 Processed 8 nested ZIPs with 0 XML files in 20041202-SUPP.ZIP
2025/09/15 11:49:12 Worker 6 processing: 20041202.ZIP
2025/09/15 11:49:13 Current total patents in database: 8100601
2025/09/15 11:49:15 Processed 5902 nested ZIPs with 5902 XML files in 20041014.ZIP
2025/09/15 11:49:15 Worker 2 processing: 20041209-SUPP.ZIP
2025/09/15 11:49:15 Processed 4 nested ZIPs with 0 XML files in 20041209-SUPP.ZIP
2025/09/15 11:49:15 Worker 2 processing: 20041209.ZIP
2025/09/15 11:49:18 Successfully inserted 5204 out of 5204 patents
2025/09/15 11:49:31 Successfully inserted 4874 out of 4874 patents
2025/09/15 11:49:34 Processed 4715 nested ZIPs with 4715 XML files in 20041111.ZIP
2025/09/15 11:49:34 Worker 0 processing: 20041216-SUPP.ZIP
2025/09/15 11:49:34 Processed 3 nested ZIPs with 0 XML files in 20041216-SUPP.ZIP
2025/09/15 11:49:34 Worker 0 processing: 20041216.ZIP
2025/09/15 11:49:40 ========== STATISTICS ==========
2025/09/15 11:49:40 Archives processed: 333
2025/09/15 11:49:40 Patents extracted: 703079
2025/09/15 11:49:40 Patents inserted: 571368
2025/09/15 11:49:40 Errors: 0
2025/09/15 11:49:40 Time elapsed: 0.82 hours
2025/09/15 11:49:40 Rate: 857518 patents/hour
2025/09/15 11:49:40 ================================
2025/09/15 11:49:43 Current total patents in database: 8100601
2025/09/15 11:49:43 Processed 5100 nested ZIPs with 5100 XML files in 20041021.ZIP
2025/09/15 11:49:43 Worker 5 processing: 20041223-SUPP.ZIP
2025/09/15 11:49:44 Successfully inserted 4666 out of 4666 patents
2025/09/15 11:49:44 Processed 5 nested ZIPs with 0 XML files in 20041223-SUPP.ZIP
2025/09/15 11:49:44 Worker 5 processing: 20041223.ZIP
2025/09/15 11:49:45 Processed 5147 nested ZIPs with 5147 XML files in 20041104.ZIP
2025/09/15 11:49:45 Worker 3 processing: 20041230-SUPP.ZIP
2025/09/15 11:49:45 Processed 6 nested ZIPs with 0 XML files in 20041230-SUPP.ZIP
2025/09/15 11:49:45 Worker 3 processing: 20041230.ZIP
2025/09/15 11:49:50 Processed 5223 nested ZIPs with 5223 XML files in 20041028.ZIP
2025/09/15 11:49:50 Worker 1 processing: I20050106-SUPP.ZIP
2025/09/15 11:49:50 Processed 4 nested ZIPs with 0 XML files in I20050106-SUPP.ZIP
2025/09/15 11:49:50 Worker 1 processing: I20050106.ZIP
2025/09/15 11:49:56 Successfully inserted 4882 out of 4882 patents
2025/09/15 11:49:57 Processed 4954 nested ZIPs with 4954 XML files in 20041118.ZIP
2025/09/15 11:49:57 Worker 7 processing: I20050113-SUPP.ZIP
2025/09/15 11:49:57 Processed 2 nested ZIPs with 0 XML files in I20050113-SUPP.ZIP
2025/09/15 11:49:57 Worker 7 processing: I20050113.ZIP
2025/09/15 11:50:10 ========== STATISTICS ==========
2025/09/15 11:50:10 Archives processed: 341
2025/09/15 11:50:10 Patents extracted: 723503
2025/09/15 11:50:10 Patents inserted: 580916
2025/09/15 11:50:10 Errors: 0
2025/09/15 11:50:10 Time elapsed: 0.83 hours
2025/09/15 11:50:10 Rate: 873550 patents/hour
2025/09/15 11:50:10 ================================
2025/09/15 11:50:11 Successfully inserted 5246 out of 5246 patents
2025/09/15 11:50:13 Current total patents in database: 8100601
2025/09/15 11:50:26 Successfully inserted 4007 out of 4007 patents
2025/09/15 11:50:40 ========== STATISTICS ==========
2025/09/15 11:50:40 Archives processed: 341
2025/09/15 11:50:40 Patents extracted: 723503
2025/09/15 11:50:40 Patents inserted: 590169
2025/09/15 11:50:40 Errors: 0
2025/09/15 11:50:40 Time elapsed: 0.84 hours
2025/09/15 11:50:40 Rate: 864848 patents/hour
2025/09/15 11:50:40 ================================
2025/09/15 11:50:45 Current total patents in database: 8100601
2025/09/15 11:50:45 Successfully inserted 4685 out of 4685 patents
2025/09/15 11:50:58 Processed 6141 nested ZIPs with 6141 XML files in 20041125.ZIP
2025/09/15 11:50:58 Worker 4 processing: I20050120-SUPP.ZIP
2025/09/15 11:50:58 Processed 4 nested ZIPs with 0 XML files in I20050120-SUPP.ZIP
2025/09/15 11:50:58 Worker 4 processing: I20050120.ZIP
2025/09/15 11:50:59 Successfully inserted 5127 out of 5127 patents
2025/09/15 11:51:03 Processed 5026 nested ZIPs with 5026 XML files in 20041216.ZIP
2025/09/15 11:51:03 Worker 0 processing: I20050127-SUPP.ZIP
2025/09/15 11:51:03 Processed 5 nested ZIPs with 0 XML files in I20050127-SUPP.ZIP
2025/09/15 11:51:03 Worker 0 processing: I20050127.ZIP
2025/09/15 11:51:06 Processed 6242 nested ZIPs with 6242 XML files in 20041209.ZIP
2025/09/15 11:51:06 Worker 2 processing: I20050203-SUPP.ZIP
2025/09/15 11:51:07 Processed 5 nested ZIPs with 0 XML files in I20050203-SUPP.ZIP
2025/09/15 11:51:07 Worker 2 processing: I20050203.ZIP
2025/09/15 11:51:09 Processed 5332 nested ZIPs with 5586 XML files in I20050106.ZIP
2025/09/15 11:51:09 Worker 1 processing: I20050210-SUPP.ZIP
2025/09/15 11:51:09 Processed 1 nested ZIPs with 0 XML files in I20050210-SUPP.ZIP
2025/09/15 11:51:09 Worker 1 processing: I20050210.ZIP
2025/09/15 11:51:09 Processed 6921 nested ZIPs with 6921 XML files in 20041202.ZIP
2025/09/15 11:51:09 Worker 6 processing: I20050217-SUPP.ZIP
2025/09/15 11:51:09 Processed 8 nested ZIPs with 0 XML files in I20050217-SUPP.ZIP
2025/09/15 11:51:09 Worker 6 processing: I20050217.ZIP
2025/09/15 11:51:10 ========== STATISTICS ==========
2025/09/15 11:51:10 Archives processed: 351
2025/09/15 11:51:10 Patents extracted: 753419
2025/09/15 11:51:10 Patents inserted: 599981
2025/09/15 11:51:10 Errors: 0
2025/09/15 11:51:10 Time elapsed: 0.84 hours
2025/09/15 11:51:10 Rate: 891726 patents/hour
2025/09/15 11:51:10 ================================
2025/09/15 11:51:11 Successfully inserted 4306 out of 4306 patents
2025/09/15 11:51:13 Current total patents in database: 8100601
2025/09/15 11:51:16 Processed 5648 nested ZIPs with 5808 XML files in I20050113.ZIP
2025/09/15 11:51:16 Worker 7 processing: I20050224-SUPP.ZIP
2025/09/15 11:51:16 Processed 3 nested ZIPs with 0 XML files in I20050224-SUPP.ZIP
2025/09/15 11:51:16 Worker 7 processing: I20050224.ZIP
2025/09/15 11:51:21 Processed 5795 nested ZIPs with 5795 XML files in 20041223.ZIP
2025/09/15 11:51:21 Worker 5 processing: I20050303-SUPP.ZIP
2025/09/15 11:51:21 Processed 4 nested ZIPs with 0 XML files in I20050303-SUPP.ZIP
2025/09/15 11:51:21 Worker 5 processing: I20050303.ZIP
2025/09/15 11:51:26 Successfully inserted 6109 out of 6109 patents
2025/09/15 11:51:40 Successfully inserted 5477 out of 5477 patents
2025/09/15 11:51:40 ========== STATISTICS ==========
2025/09/15 11:51:40 Archives processed: 355
2025/09/15 11:51:40 Patents extracted: 765022
2025/09/15 11:51:40 Patents inserted: 615873
2025/09/15 11:51:40 Errors: 0
2025/09/15 11:51:40 Time elapsed: 0.85 hours
2025/09/15 11:51:40 Rate: 896615 patents/hour
2025/09/15 11:51:40 ================================
2025/09/15 11:51:43 Current total patents in database: 8100601
2025/09/15 11:51:49 Processed 7304 nested ZIPs with 7304 XML files in 20041230.ZIP
2025/09/15 11:51:49 Worker 3 processing: I20050310-SUPP.ZIP
2025/09/15 11:51:49 Processed 5 nested ZIPs with 0 XML files in I20050310-SUPP.ZIP
2025/09/15 11:51:49 Worker 3 processing: I20050310.ZIP
2025/09/15 11:51:52 Successfully inserted 4353 out of 4353 patents
2025/09/15 11:52:02 Processed 4850 nested ZIPs with 4986 XML files in I20050120.ZIP
2025/09/15 11:52:02 Worker 4 processing: I20050317-SUPP.ZIP
2025/09/15 11:52:02 Processed 2 nested ZIPs with 0 XML files in I20050317-SUPP.ZIP
2025/09/15 11:52:02 Worker 4 processing: I20050317.ZIP
2025/09/15 11:52:06 Successfully inserted 5228 out of 5228 patents
2025/09/15 11:52:10 ========== STATISTICS ==========
2025/09/15 11:52:10 Archives processed: 359
2025/09/15 11:52:10 Patents extracted: 777312
2025/09/15 11:52:10 Patents inserted: 625454
2025/09/15 11:52:10 Errors: 0
2025/09/15 11:52:10 Time elapsed: 0.86 hours
2025/09/15 11:52:10 Rate: 902208 patents/hour
2025/09/15 11:52:10 ================================
2025/09/15 11:52:13 Current total patents in database: 8100601
2025/09/15 11:52:20 Successfully inserted 5363 out of 5363 patents
2025/09/15 11:52:22 Processed 5036 nested ZIPs with 5244 XML files in I20050217.ZIP
2025/09/15 11:52:22 Worker 6 processing: I20050324-SUPP.ZIP
2025/09/15 11:52:22 Processed 5 nested ZIPs with 0 XML files in I20050324-SUPP.ZIP
2025/09/15 11:52:22 Worker 6 processing: I20050324.ZIP
2025/09/15 11:52:30 Processed 5361 nested ZIPs with 5559 XML files in I20050224.ZIP
2025/09/15 11:52:30 Worker 7 processing: I20050331-SUPP.ZIP
2025/09/15 11:52:30 Processed 3 nested ZIPs with 0 XML files in I20050331-SUPP.ZIP
2025/09/15 11:52:30 Worker 7 processing: I20050331.ZIP
2025/09/15 11:52:33 Processed 5953 nested ZIPs with 6145 XML files in I20050203.ZIP
2025/09/15 11:52:33 Worker 2 processing: I20050407-SUPP.ZIP
2025/09/15 11:52:33 Processed 3 nested ZIPs with 0 XML files in I20050407-SUPP.ZIP
2025/09/15 11:52:33 Worker 2 processing: I20050407.ZIP
2025/09/15 11:52:33 Successfully inserted 4793 out of 4793 patents
2025/09/15 11:52:33 Processed 5965 nested ZIPs with 6200 XML files in I20050210.ZIP
2025/09/15 11:52:33 Worker 1 processing: I20050414-SUPP.ZIP
2025/09/15 11:52:33 Processed 2 nested ZIPs with 0 XML files in I20050414-SUPP.ZIP
2025/09/15 11:52:33 Worker 1 processing: I20050414.ZIP
2025/09/15 11:52:34 Processed 6445 nested ZIPs with 6604 XML files in I20050127.ZIP
2025/09/15 11:52:34 Worker 0 processing: I20050421-SUPP.ZIP
2025/09/15 11:52:34 Processed 3 nested ZIPs with 0 XML files in I20050421-SUPP.ZIP
2025/09/15 11:52:34 Worker 0 processing: I20050421.ZIP
2025/09/15 11:52:40 ========== STATISTICS ==========
2025/09/15 11:52:40 Archives processed: 369
2025/09/15 11:52:40 Patents extracted: 807064
2025/09/15 11:52:40 Patents inserted: 635610
2025/09/15 11:52:40 Errors: 0
2025/09/15 11:52:40 Time elapsed: 0.87 hours
2025/09/15 11:52:40 Rate: 927766 patents/hour
2025/09/15 11:52:40 ================================
2025/09/15 11:52:43 Processed 6004 nested ZIPs with 6229 XML files in I20050303.ZIP
2025/09/15 11:52:43 Worker 5 processing: I20050428-SUPP.ZIP
2025/09/15 11:52:43 Processed 3 nested ZIPs with 0 XML files in I20050428-SUPP.ZIP
2025/09/15 11:52:43 Worker 5 processing: I20050428.ZIP
2025/09/15 11:52:43 Current total patents in database: 8100601
2025/09/15 11:52:49 Successfully inserted 5566 out of 5566 patents
2025/09/15 11:53:01 Processed 5144 nested ZIPs with 5375 XML files in I20050310.ZIP
2025/09/15 11:53:01 Worker 3 processing: I20050505-SUPP.ZIP
2025/09/15 11:53:01 Processed 3 nested ZIPs with 0 XML files in I20050505-SUPP.ZIP
2025/09/15 11:53:01 Worker 3 processing: I20050505.ZIP
2025/09/15 11:53:03 Successfully inserted 5392 out of 5392 patents
2025/09/15 11:53:10 ========== STATISTICS ==========
2025/09/15 11:53:10 Archives processed: 373
2025/09/15 11:53:10 Patents extracted: 818668
2025/09/15 11:53:10 Patents inserted: 646568
2025/09/15 11:53:10 Errors: 0
2025/09/15 11:53:10 Time elapsed: 0.88 hours
2025/09/15 11:53:10 Rate: 932176 patents/hour
2025/09/15 11:53:10 ================================
2025/09/15 11:53:13 Current total patents in database: 8100601
2025/09/15 11:53:13 Processed 5028 nested ZIPs with 5251 XML files in I20050317.ZIP
2025/09/15 11:53:13 Worker 4 processing: I20050512-SUPP.ZIP
2025/09/15 11:53:13 Processed 4 nested ZIPs with 0 XML files in I20050512-SUPP.ZIP
2025/09/15 11:53:13 Worker 4 processing: I20050512.ZIP
2025/09/15 11:53:14 Successfully inserted 4243 out of 4243 patents
2025/09/15 11:53:27 Successfully inserted 4840 out of 4840 patents
2025/09/15 11:53:36 Processed 4512 nested ZIPs with 4694 XML files in I20050407.ZIP
2025/09/15 11:53:36 Worker 2 processing: I20050519-SUPP.ZIP
2025/09/15 11:53:37 Processed 5 nested ZIPs with 0 XML files in I20050519-SUPP.ZIP
2025/09/15 11:53:37 Worker 2 processing: I20050519.ZIP
2025/09/15 11:53:38 Processed 4854 nested ZIPs with 4995 XML files in I20050414.ZIP
2025/09/15 11:53:38 Worker 1 processing: I20050526-SUPP.ZIP
2025/09/15 11:53:38 Processed 5 nested ZIPs with 0 XML files in I20050526-SUPP.ZIP
2025/09/15 11:53:38 Worker 1 processing: I20050526.ZIP
2025/09/15 11:53:40 Processed 5619 nested ZIPs with 5838 XML files in I20050324.ZIP
2025/09/15 11:53:40 Worker 6 processing: I20050602-SUPP.ZIP
2025/09/15 11:53:40 Processed 6 nested ZIPs with 0 XML files in I20050602-SUPP.ZIP
2025/09/15 11:53:40 Worker 6 processing: I20050602.ZIP
2025/09/15 11:53:40 ========== STATISTICS ==========
2025/09/15 11:53:40 Archives processed: 381
2025/09/15 11:53:40 Patents extracted: 839446
2025/09/15 11:53:40 Patents inserted: 655651
2025/09/15 11:53:40 Errors: 0
2025/09/15 11:53:40 Time elapsed: 0.89 hours
2025/09/15 11:53:40 Rate: 946850 patents/hour
2025/09/15 11:53:40 ================================
2025/09/15 11:53:45 Processed 5504 nested ZIPs with 5685 XML files in I20050331.ZIP
2025/09/15 11:53:45 Worker 7 processing: I20050609-SUPP.ZIP
2025/09/15 11:53:45 Processed 5 nested ZIPs with 0 XML files in I20050609-SUPP.ZIP
2025/09/15 11:53:45 Worker 7 processing: I20050609.ZIP
2025/09/15 11:53:46 Processed 5449 nested ZIPs with 5549 XML files in I20050421.ZIP
2025/09/15 11:53:46 Worker 0 processing: I20050616-SUPP.ZIP
2025/09/15 11:53:46 Processed 6 nested ZIPs with 0 XML files in I20050616-SUPP.ZIP
2025/09/15 11:53:46 Worker 0 processing: I20050616.ZIP
2025/09/15 11:53:51 Successfully inserted 4485 out of 4485 patents
2025/09/15 11:53:51 Current total patents in database: 8100601
2025/09/15 11:53:54 Processed 5000 nested ZIPs with 5182 XML files in I20050428.ZIP
2025/09/15 11:53:54 Worker 5 processing: I20050623-SUPP.ZIP
2025/09/15 11:53:54 Processed 5 nested ZIPs with 0 XML files in I20050623-SUPP.ZIP
2025/09/15 11:53:54 Worker 5 processing: I20050623.ZIP
2025/09/15 11:54:04 Successfully inserted 5089 out of 5089 patents
